#
# A fatal error has been detected by the Java Runtime Environment:
#
#  SIGSEGV (0xb) at pc=0x000000010c7111fd, pid=7527, tid=2571
#
# JRE version: Java(TM) SE Runtime Environment (8.0_77-b03) (build 1.8.0_77-b03)
# Java VM: Java HotSpot(TM) 64-Bit Server VM (25.77-b03 mixed mode bsd-amd64 compressed oops)
# Problematic frame:
# V  [libjvm.dylib+0x3111fd]  jni_GetObjectClass+0x65
#
# Failed to write core dump. Core dumps have been disabled. To enable core dumping, try "ulimit -c unlimited" before starting Java again
#
# If you would like to submit a bug report, please visit:
#   http://bugreport.java.com/bugreport/crash.jsp
#

---------------  T H R E A D  ---------------

Current thread (0x00007fbd5c96c000):  JavaThread "AppKit Thread" daemon [_thread_in_vm, id=2571, stack(0x00007fff53c31000,0x00007fff54431000)]

siginfo: si_signo: 11 (SIGSEGV), si_code: 1 (SEGV_MAPERR), si_addr: 0x0000000000000000

Registers:
RAX=0x000000010ccd9b84, RBX=0x0000000000000000, RCX=0x000000010cc15340, RDX=0x000000010cc222e0
RSP=0x00007fff5442e0c0, RBP=0x00007fff5442e110, RSI=0x0000000000000000, RDI=0x00007fbd5c96c1f8
R8 =0x00007fbd5bd00510, R9 =0x00007fbd5bd00510, R10=0x00007fbd5d21aae0, R11=0x00007fff7b3d78d8
R12=0x0000000000000000, R13=0x00007fbd5c96c1f8, R14=0x00007fbd5c96c1f8, R15=0x00007fbd5c96c000
RIP=0x000000010c7111fd, EFLAGS=0x0000000000010202, ERR=0x0000000000000004
  TRAPNO=0x000000000000000e

Top of Stack: (sp=0x00007fff5442e0c0)
0x00007fff5442e0c0:   00007fff5442e108 00007fbd5c96c000
0x00007fff5442e0d0:   0000000000000000 000000010c72055a
0x00007fff5442e0e0:   0000000000000015 00007fbd5c96c000
0x00007fff5442e0f0:   00007fbd5c96c000 0000000000000015
0x00007fff5442e100:   00007fbd5bf07df0 00007fbd5bf52470
0x00007fff5442e110:   00007fff5442e190 00000001279a2a71
0x00007fff5442e120:   41375a440ee8947a 00000000ffffffff
0x00007fff5442e130:   00007fff7b1c09d0 00007fbd5bf530e0
0x00007fff5442e140:   00007fff5442e170 00007fff9882d163
0x00007fff5442e150:   0000000000000000 4000cccccccccccd
0x00007fff5442e160:   00007fbd5bf52470 0000000000000015
0x00007fff5442e170:   0000000000000000 00007fff8d29f4c0
0x00007fff5442e180:   00007fbd5bf07df0 00007fbd5bf530e0
0x00007fff5442e190:   00007fff5442e1d0 00007fff94ac0bb5
0x00007fff5442e1a0:   00007fbd5bf07df0 00007fbd5bf530e0
0x00007fff5442e1b0:   00000000000000f8 00007fff8d29f4c0
0x00007fff5442e1c0:   00007fbd5bf07df0 0000000000000016
0x00007fff5442e1d0:   00007fff5442e210 00007fff944ff63d
0x00007fff5442e1e0:   000000005bf530e0 00007fff8d29f4c0
0x00007fff5442e1f0:   00007fbd5bf07df0 00007fbd5bd18680
0x00007fff5442e200:   4000cf31ed5229a0 0000000000001000
0x00007fff5442e210:   00007fff5442e460 00007fff9447ff7f
0x00007fff5442e220:   000000f800000003 00007fbd5bf530e0
0x00007fff5442e230:   00007fbd5bf07df0 0000000000000016
0x00007fff5442e240:   4082600000000000 4075c00000000000
0x00007fff5442e250:   00056fec699a45e5 0001e8e000100108
0x00007fff5442e260:   000000000004e983 7b5150df000002cd
0x00007fff5442e270:   000000040ff90f2d 0000000000000000
0x00007fff5442e280:   0000000000000001 000000010023efd9
0x00007fff5442e290:   0000000000001d67 0004e983043cc3c8
0x00007fff5442e2a0:   0000000000000000 0000000000000000
0x00007fff5442e2b0:   0000000000000000 fffffffc00000000 

Instructions: (pc=0x000000010c7111fd)
0x000000010c7111dd:   74 09 48 8d 7d b8 e8 72 fb 19 00 4c 89 f7 48 89
0x000000010c7111ed:   de 90 0f 1f 40 00 48 8d 05 8a 89 5c 00 80 38 00
0x000000010c7111fd:   48 8b 03 74 15 48 8d 15 27 f7 51 00 8a 4a 08 8b
0x000000010c71120d:   40 08 48 d3 e0 48 03 02 eb 04 48 8b 40 08 48 8b 

Register to memory mapping:

RAX=0x000000010ccd9b84: UseCompressedClassPointers+0 in /Library/Java/JavaVirtualMachines/jdk1.8.0_77.jdk/Contents/Home/jre/lib/server/libjvm.dylib at 0x000000010c400000
RBX=0x0000000000000000 is an unknown value
RCX=0x000000010cc15340: UseMembar+0 in /Library/Java/JavaVirtualMachines/jdk1.8.0_77.jdk/Contents/Home/jre/lib/server/libjvm.dylib at 0x000000010c400000
RDX=0x000000010cc222e0: jni_NativeInterface+0 in /Library/Java/JavaVirtualMachines/jdk1.8.0_77.jdk/Contents/Home/jre/lib/server/libjvm.dylib at 0x000000010c400000
RSP=0x00007fff5442e0c0 is pointing into the stack for thread: 0x00007fbd5c96c000
RBP=0x00007fff5442e110 is pointing into the stack for thread: 0x00007fbd5c96c000
RSI=0x0000000000000000 is an unknown value
RDI=0x00007fbd5c96c1f8 is an unknown value
R8 =0x00007fbd5bd00510 is an unknown value
R9 =0x00007fbd5bd00510 is an unknown value
R10=0x00007fbd5d21aae0 is an unknown value
R11=0x00007fff7b3d78d8: OBJC_CLASS_$_NSEvent+0 in /System/Library/Frameworks/AppKit.framework/Versions/C/AppKit at 0x00007fff942aa000
R12=0x0000000000000000 is an unknown value
R13=0x00007fbd5c96c1f8 is an unknown value
R14=0x00007fbd5c96c1f8 is an unknown value
R15=0x00007fbd5c96c000 is a thread


Stack: [0x00007fff53c31000,0x00007fff54431000],  sp=0x00007fff5442e0c0,  free space=8180k
Native frames: (J=compiled Java code, j=interpreted, Vv=VM code, C=native code)
V  [libjvm.dylib+0x3111fd]  jni_GetObjectClass+0x65
C  [liblwjgl.jnilib+0xaa71]  -[MacOSXOpenGLView scrollWheel:]+0x81
C  [AppKit+0x816bb5]  -[NSWindow _reallySendEvent:isDelayedEvent:]+0x83c
C  [AppKit+0x25563d]  -[NSWindow sendEvent:]+0x205
C  [AppKit+0x1d5f7f]  -[NSApplication sendEvent:]+0xe2f
C  [libosxapp.dylib+0x232c]  -[NSApplicationAWT sendEvent:]+0x17a
C  [AppKit+0x3cef6]  -[NSApplication run]+0x31c
C  [libosxapp.dylib+0x214d]  +[NSApplicationAWT runAWTLoopWithApp:]+0x9c
C  [libawt_lwawt.dylib+0x4455b]  -[AWTStarter starter:]+0x389
C  [Foundation+0x76f5e]  __NSThreadPerformPerform+0x117
C  [CoreFoundation+0xaa881]  __CFRUNLOOP_IS_CALLING_OUT_TO_A_SOURCE0_PERFORM_FUNCTION__+0x11
C  [CoreFoundation+0x89fbc]  __CFRunLoopDoSources0+0x22c
C  [CoreFoundation+0x894df]  __CFRunLoopRun+0x39f
C  [CoreFoundation+0x88ed8]  CFRunLoopRunSpecific+0x128
C  [java+0x6463]  CreateExecutionEnvironment+0x367
C  [java+0x21ac]  JLI_Launch+0x7a0
C  [java+0x84c0]  main+0x65
C  [java+0x1a04]  start+0x34
C  0x0000000000000006


---------------  P R O C E S S  ---------------

Java Threads: ( => current thread )
  0x00007fbd5c176000 JavaThread "AWT-Shutdown" [_thread_blocked, id=29715, stack(0x00007000010cd000,0x00007000011cd000)]
=>0x00007fbd5c96c000 JavaThread "AppKit Thread" daemon [_thread_in_vm, id=2571, stack(0x00007fff53c31000,0x00007fff54431000)]
  0x00007fbd5c80e000 JavaThread "Service Thread" daemon [_thread_blocked, id=18691, stack(0x0000700000dc1000,0x0000700000ec1000)]
  0x00007fbd5d059000 JavaThread "C1 CompilerThread2" daemon [_thread_blocked, id=18179, stack(0x0000700000cbe000,0x0000700000dbe000)]
  0x00007fbd5d058800 JavaThread "C2 CompilerThread1" daemon [_thread_blocked, id=17667, stack(0x0000700000bbb000,0x0000700000cbb000)]
  0x00007fbd5d056800 JavaThread "C2 CompilerThread0" daemon [_thread_blocked, id=17155, stack(0x0000700000ab8000,0x0000700000bb8000)]
  0x00007fbd5d056000 JavaThread "Signal Dispatcher" daemon [_thread_blocked, id=13583, stack(0x00007000009b5000,0x0000700000ab5000)]
  0x00007fbd5c801000 JavaThread "Finalizer" daemon [_thread_blocked, id=12803, stack(0x000070000082f000,0x000070000092f000)]
  0x00007fbd5d82a800 JavaThread "Reference Handler" daemon [_thread_blocked, id=12291, stack(0x000070000072c000,0x000070000082c000)]
  0x00007fbd5d802000 JavaThread "main" [_thread_in_native, id=6403, stack(0x000070000011a000,0x000070000021a000)]

Other Threads:
  0x00007fbd5c01c800 VMThread [stack: 0x0000700000629000,0x0000700000729000] [id=11779]
  0x00007fbd5c00e800 WatcherThread [stack: 0x0000700000ec4000,0x0000700000fc4000] [id=19203]

VM state:not at safepoint (normal execution)

VM Mutex/Monitor currently owned by a thread: None

Heap:
 PSYoungGen      total 38400K, used 28423K [0x0000000795580000, 0x0000000798000000, 0x00000007c0000000)
  eden space 33280K, 80% used [0x0000000795580000,0x0000000796fc1dc0,0x0000000797600000)
  from space 5120K, 30% used [0x0000000797b00000,0x0000000797c80000,0x0000000798000000)
  to   space 5120K, 0% used [0x0000000797600000,0x0000000797600000,0x0000000797b00000)
 ParOldGen       total 87552K, used 32K [0x0000000740000000, 0x0000000745580000, 0x0000000795580000)
  object space 87552K, 0% used [0x0000000740000000,0x0000000740008000,0x0000000745580000)
 Metaspace       used 7291K, capacity 7515K, committed 7808K, reserved 1056768K
  class space    used 706K, capacity 792K, committed 896K, reserved 1048576K

Card table byte_map: [0x000000011c74f000,0x000000011cb50000] byte_map_base: 0x0000000118d4f000

Marking Bits: (ParMarkBitMap*) 0x000000010cce3ea0
 Begin Bits: [0x000000011cdfb000, 0x000000011edfb000)
 End Bits:   [0x000000011edfb000, 0x0000000120dfb000)

Polling page: 0x000000010ba92000

CodeCache: size=245760Kb used=4042Kb max_used=4053Kb free=241717Kb
 bounds [0x000000010d38f000, 0x000000010d78f000, 0x000000011c38f000]
 total_blobs=1449 nmethods=1020 adapters=343
 compilation: enabled

Compilation events (10 events):
Event: 10.484 Thread 0x00007fbd5d056800 1018       4       org.lwjgl.opengl.GL20::glDisableVertexAttribArray (19 bytes)
Event: 10.486 Thread 0x00007fbd5d056800 nmethod 1018 0x000000010d76ba10 code [0x000000010d76bb60, 0x000000010d76bc68]
Event: 10.898 Thread 0x00007fbd5d059000 1019       3       org.lwjgl.MemoryUtil::getAddress (9 bytes)
Event: 10.898 Thread 0x00007fbd5d059000 nmethod 1019 0x000000010d76b3d0 code [0x000000010d76b540, 0x000000010d76b850]
Event: 10.898 Thread 0x00007fbd5d059000 1020       3       org.lwjgl.MemoryUtil::getAddress (10 bytes)
Event: 10.899 Thread 0x00007fbd5d059000 nmethod 1020 0x000000010d76ce10 code [0x000000010d76cf80, 0x000000010d76d190]
Event: 10.955 Thread 0x00007fbd5d058800 1021       4       shaders.ShaderProgram::loadFloat (6 bytes)
Event: 10.957 Thread 0x00007fbd5d058800 nmethod 1021 0x000000010d76af50 code [0x000000010d76b0c0, 0x000000010d76b208]
Event: 11.445 Thread 0x00007fbd5d059000 1022       3       normalmappingrenderer.NormalMappingShader::loadLights (158 bytes)
Event: 11.451 Thread 0x00007fbd5d059000 nmethod 1022 0x000000010d781cd0 code [0x000000010d782320, 0x000000010d785cc8]

GC Heap History (8 events):
Event: 3.414 GC heap before
{Heap before GC invocations=1 (full 0):
 PSYoungGen      total 38400K, used 33280K [0x0000000795580000, 0x0000000798000000, 0x00000007c0000000)
  eden space 33280K, 100% used [0x0000000795580000,0x0000000797600000,0x0000000797600000)
  from space 5120K, 0% used [0x0000000797b00000,0x0000000797b00000,0x0000000798000000)
  to   space 5120K, 0% used [0x0000000797600000,0x0000000797600000,0x0000000797b00000)
 ParOldGen       total 87552K, used 0K [0x0000000740000000, 0x0000000745580000, 0x0000000795580000)
  object space 87552K, 0% used [0x0000000740000000,0x0000000740000000,0x0000000745580000)
 Metaspace       used 7206K, capacity 7387K, committed 7552K, reserved 1056768K
  class space    used 705K, capacity 792K, committed 896K, reserved 1048576K
Event: 3.437 GC heap after
Heap after GC invocations=1 (full 0):
 PSYoungGen      total 38400K, used 2229K [0x0000000795580000, 0x0000000798000000, 0x00000007c0000000)
  eden space 33280K, 0% used [0x0000000795580000,0x0000000795580000,0x0000000797600000)
  from space 5120K, 43% used [0x0000000797600000,0x000000079782d560,0x0000000797b00000)
  to   space 5120K, 0% used [0x0000000797b00000,0x0000000797b00000,0x0000000798000000)
 ParOldGen       total 87552K, used 16K [0x0000000740000000, 0x0000000745580000, 0x0000000795580000)
  object space 87552K, 0% used [0x0000000740000000,0x0000000740004000,0x0000000745580000)
 Metaspace       used 7206K, capacity 7387K, committed 7552K, reserved 1056768K
  class space    used 705K, capacity 792K, committed 896K, reserved 1048576K
}
Event: 5.303 GC heap before
{Heap before GC invocations=2 (full 0):
 PSYoungGen      total 38400K, used 35509K [0x0000000795580000, 0x0000000798000000, 0x00000007c0000000)
  eden space 33280K, 100% used [0x0000000795580000,0x0000000797600000,0x0000000797600000)
  from space 5120K, 43% used [0x0000000797600000,0x000000079782d560,0x0000000797b00000)
  to   space 5120K, 0% used [0x0000000797b00000,0x0000000797b00000,0x0000000798000000)
 ParOldGen       total 87552K, used 16K [0x0000000740000000, 0x0000000745580000, 0x0000000795580000)
  object space 87552K, 0% used [0x0000000740000000,0x0000000740004000,0x0000000745580000)
 Metaspace       used 7246K, capacity 7387K, committed 7552K, reserved 1056768K
  class space    used 705K, capacity 792K, committed 896K, reserved 1048576K
Event: 5.307 GC heap after
Heap after GC invocations=2 (full 0):
 PSYoungGen      total 38400K, used 1536K [0x0000000795580000, 0x0000000798000000, 0x00000007c0000000)
  eden space 33280K, 0% used [0x0000000795580000,0x0000000795580000,0x0000000797600000)
  from space 5120K, 30% used [0x0000000797b00000,0x0000000797c80020,0x0000000798000000)
  to   space 5120K, 0% used [0x0000000797600000,0x0000000797600000,0x0000000797b00000)
 ParOldGen       total 87552K, used 24K [0x0000000740000000, 0x0000000745580000, 0x0000000795580000)
  object space 87552K, 0% used [0x0000000740000000,0x0000000740006000,0x0000000745580000)
 Metaspace       used 7246K, capacity 7387K, committed 7552K, reserved 1056768K
  class space    used 705K, capacity 792K, committed 896K, reserved 1048576K
}
Event: 7.359 GC heap before
{Heap before GC invocations=3 (full 0):
 PSYoungGen      total 38400K, used 34816K [0x0000000795580000, 0x0000000798000000, 0x00000007c0000000)
  eden space 33280K, 100% used [0x0000000795580000,0x0000000797600000,0x0000000797600000)
  from space 5120K, 30% used [0x0000000797b00000,0x0000000797c80020,0x0000000798000000)
  to   space 5120K, 0% used [0x0000000797600000,0x0000000797600000,0x0000000797b00000)
 ParOldGen       total 87552K, used 24K [0x0000000740000000, 0x0000000745580000, 0x0000000795580000)
  object space 87552K, 0% used [0x0000000740000000,0x0000000740006000,0x0000000745580000)
 Metaspace       used 7258K, capacity 7451K, committed 7808K, reserved 1056768K
  class space    used 705K, capacity 792K, committed 896K, reserved 1048576K
Event: 7.363 GC heap after
Heap after GC invocations=3 (full 0):
 PSYoungGen      total 38400K, used 1520K [0x0000000795580000, 0x0000000798000000, 0x00000007c0000000)
  eden space 33280K, 0% used [0x0000000795580000,0x0000000795580000,0x0000000797600000)
  from space 5120K, 29% used [0x0000000797600000,0x000000079777c010,0x0000000797b00000)
  to   space 5120K, 0% used [0x0000000797b00000,0x0000000797b00000,0x0000000798000000)
 ParOldGen       total 87552K, used 32K [0x0000000740000000, 0x0000000745580000, 0x0000000795580000)
  object space 87552K, 0% used [0x0000000740000000,0x0000000740008000,0x0000000745580000)
 Metaspace       used 7258K, capacity 7451K, committed 7808K, reserved 1056768K
  class space    used 705K, capacity 792K, committed 896K, reserved 1048576K
}
Event: 9.683 GC heap before
{Heap before GC invocations=4 (full 0):
 PSYoungGen      total 38400K, used 34800K [0x0000000795580000, 0x0000000798000000, 0x00000007c0000000)
  eden space 33280K, 100% used [0x0000000795580000,0x0000000797600000,0x0000000797600000)
  from space 5120K, 29% used [0x0000000797600000,0x000000079777c010,0x0000000797b00000)
  to   space 5120K, 0% used [0x0000000797b00000,0x0000000797b00000,0x0000000798000000)
 ParOldGen       total 87552K, used 32K [0x0000000740000000, 0x0000000745580000, 0x0000000795580000)
  object space 87552K, 0% used [0x0000000740000000,0x0000000740008000,0x0000000745580000)
 Metaspace       used 7276K, capacity 7451K, committed 7808K, reserved 1056768K
  class space    used 705K, capacity 792K, committed 896K, reserved 1048576K
Event: 9.687 GC heap after
Heap after GC invocations=4 (full 0):
 PSYoungGen      total 38400K, used 1536K [0x0000000795580000, 0x0000000798000000, 0x00000007c0000000)
  eden space 33280K, 0% used [0x0000000795580000,0x0000000795580000,0x0000000797600000)
  from space 5120K, 30% used [0x0000000797b00000,0x0000000797c80000,0x0000000798000000)
  to   space 5120K, 0% used [0x0000000797600000,0x0000000797600000,0x0000000797b00000)
 ParOldGen       total 87552K, used 32K [0x0000000740000000, 0x0000000745580000, 0x0000000795580000)
  object space 87552K, 0% used [0x0000000740000000,0x0000000740008000,0x0000000745580000)
 Metaspace       used 7276K, capacity 7451K, committed 7808K, reserved 1056768K
  class space    used 705K, capacity 792K, committed 896K, reserved 1048576K
}

Deoptimization events (3 events):
Event: 0.894 Thread 0x00007fbd5d802000 Uncommon trap: reason=unstable_if action=reinterpret pc=0x000000010d59c3d8 method=java.io.BufferedReader.readLine(Z)Ljava/lang/String; @ 55
Event: 2.898 Thread 0x00007fbd5d802000 Uncommon trap: reason=unstable_if action=reinterpret pc=0x000000010d606ca0 method=java.nio.DirectByteBuffer.put([BII)Ljava/nio/ByteBuffer; @ 8
Event: 3.476 Thread 0x00007fbd5d802000 Uncommon trap: reason=unstable_if action=reinterpret pc=0x000000010d688134 method=java.lang.StrictMath.floorOrCeil(DDDD)D @ 115

Internal exceptions (10 events):
Event: 0.030 Thread 0x00007fbd5d802000 Exception <a 'java/lang/NoSuchMethodError': Method sun.misc.Unsafe.prefetchRead(Ljava/lang/Object;J)V name or signature does not match> (0x0000000795587fa8) thrown at [/Users/java_re/workspace/8-2-build-macosx-x86_64/jdk8u77/6540/hotspot/src/share/vm/prim
Event: 0.175 Thread 0x00007fbd5d802000 Exception <a 'java/security/PrivilegedActionException'> (0x0000000795751520) thrown at [/Users/java_re/workspace/8-2-build-macosx-x86_64/jdk8u77/6540/hotspot/src/share/vm/prims/jvm.cpp, line 1386]
Event: 0.175 Thread 0x00007fbd5d802000 Exception <a 'java/security/PrivilegedActionException'> (0x0000000795751730) thrown at [/Users/java_re/workspace/8-2-build-macosx-x86_64/jdk8u77/6540/hotspot/src/share/vm/prims/jvm.cpp, line 1386]
Event: 0.176 Thread 0x00007fbd5d802000 Exception <a 'java/security/PrivilegedActionException'> (0x0000000795754bb8) thrown at [/Users/java_re/workspace/8-2-build-macosx-x86_64/jdk8u77/6540/hotspot/src/share/vm/prims/jvm.cpp, line 1386]
Event: 0.176 Thread 0x00007fbd5d802000 Exception <a 'java/security/PrivilegedActionException'> (0x0000000795754dc8) thrown at [/Users/java_re/workspace/8-2-build-macosx-x86_64/jdk8u77/6540/hotspot/src/share/vm/prims/jvm.cpp, line 1386]
Event: 0.233 Thread 0x00007fbd5d802000 Exception <a 'java/lang/NoSuchFieldError': method resolution failed> (0x00000007958226a8) thrown at [/Users/java_re/workspace/8-2-build-macosx-x86_64/jdk8u77/6540/hotspot/src/share/vm/prims/methodHandles.cpp, line 1146]
Event: 0.235 Thread 0x00007fbd5d802000 Exception <a 'java/lang/NoSuchFieldError': method resolution failed> (0x000000079582fe08) thrown at [/Users/java_re/workspace/8-2-build-macosx-x86_64/jdk8u77/6540/hotspot/src/share/vm/prims/methodHandles.cpp, line 1146]
Event: 0.502 Thread 0x00007fbd5d802000 Exception <a 'java/io/FileNotFoundException'> (0x00000007958aafa0) thrown at [/Users/java_re/workspace/8-2-build-macosx-x86_64/jdk8u77/6540/hotspot/src/share/vm/prims/jni.cpp, line 709]
Event: 0.502 Thread 0x00007fbd5d802000 Exception <a 'java/io/FileNotFoundException'> (0x00000007958abb08) thrown at [/Users/java_re/workspace/8-2-build-macosx-x86_64/jdk8u77/6540/hotspot/src/share/vm/prims/jni.cpp, line 709]
Event: 0.518 Thread 0x00007fbd5d802000 Exception <a 'java/lang/UnsatisfiedLinkError'> (0x00000007958b90c0) thrown at [/Users/java_re/workspace/8-2-build-macosx-x86_64/jdk8u77/6540/hotspot/src/share/vm/prims/jvm.cpp, line 1390]

Events (10 events):
Event: 7.487 Thread 0x00007fbd5d802000 DEOPT PACKING pc=0x000000010d6f67a3 sp=0x0000700000219410
Event: 7.487 Thread 0x00007fbd5d802000 DEOPT UNPACKING pc=0x000000010d3d6633 sp=0x0000700000219310 mode 0
Event: 9.365 Thread 0x00007fbd5d802000 DEOPT PACKING pc=0x000000010d723cd0 sp=0x0000700000219440
Event: 9.366 Thread 0x00007fbd5d802000 DEOPT UNPACKING pc=0x000000010d3d6633 sp=0x0000700000219370 mode 0
Event: 9.519 Thread 0x00007fbd5d802000 DEOPT PACKING pc=0x000000010d70f62c sp=0x0000700000219720
Event: 9.519 Thread 0x00007fbd5d802000 DEOPT UNPACKING pc=0x000000010d3d6633 sp=0x0000700000219468 mode 0
Event: 9.683 Executing VM operation: ParallelGCFailedAllocation
Event: 9.687 Executing VM operation: ParallelGCFailedAllocation done
Event: 11.516 loading class org/lwjgl/opengl/CallbackUtil
Event: 11.516 loading class org/lwjgl/opengl/CallbackUtil done


Dynamic libraries:
0x0000000008d71000 	/System/Library/Frameworks/Cocoa.framework/Versions/A/Cocoa
0x0000000008d71000 	/System/Library/Frameworks/Security.framework/Versions/A/Security
0x0000000008d71000 	/System/Library/Frameworks/ApplicationServices.framework/Versions/A/ApplicationServices
0x0000000008d71000 	/usr/lib/libz.1.dylib
0x0000000008d71000 	/usr/lib/libSystem.B.dylib
0x0000000008d71000 	/usr/lib/libobjc.A.dylib
0x0000000008d71000 	/System/Library/Frameworks/CoreFoundation.framework/Versions/A/CoreFoundation
0x0000000008d71000 	/System/Library/Frameworks/Foundation.framework/Versions/C/Foundation
0x0000000008d71000 	/System/Library/Frameworks/AppKit.framework/Versions/C/AppKit
0x0000000008d71000 	/System/Library/Frameworks/CoreData.framework/Versions/A/CoreData
0x0000000008d71000 	/System/Library/PrivateFrameworks/RemoteViewServices.framework/Versions/A/RemoteViewServices
0x0000000008d71000 	/System/Library/PrivateFrameworks/UIFoundation.framework/Versions/A/UIFoundation
0x0000000008d71000 	/usr/lib/libScreenReader.dylib
0x0000000008d71000 	/System/Library/Frameworks/Accelerate.framework/Versions/A/Accelerate
0x0000000008d71000 	/System/Library/Frameworks/IOSurface.framework/Versions/A/IOSurface
0x0000000008d71000 	/System/Library/Frameworks/AudioToolbox.framework/Versions/A/AudioToolbox
0x0000000008d71000 	/System/Library/Frameworks/AudioUnit.framework/Versions/A/AudioUnit
0x0000000008d71000 	/System/Library/PrivateFrameworks/DataDetectorsCore.framework/Versions/A/DataDetectorsCore
0x0000000008d71000 	/System/Library/PrivateFrameworks/DesktopServicesPriv.framework/Versions/A/DesktopServicesPriv
0x0000000008d71000 	/System/Library/Frameworks/Carbon.framework/Versions/A/Frameworks/HIToolbox.framework/Versions/A/HIToolbox
0x0000000008d71000 	/System/Library/Frameworks/QuartzCore.framework/Versions/A/QuartzCore
0x0000000008d71000 	/System/Library/Frameworks/Carbon.framework/Versions/A/Frameworks/SpeechRecognition.framework/Versions/A/SpeechRecognition
0x0000000008d71000 	/usr/lib/libauto.dylib
0x0000000008d71000 	/usr/lib/libicucore.A.dylib
0x0000000008d71000 	/usr/lib/libxml2.2.dylib
0x0000000008d71000 	/System/Library/PrivateFrameworks/CoreUI.framework/Versions/A/CoreUI
0x0000000008d71000 	/System/Library/Frameworks/CoreAudio.framework/Versions/A/CoreAudio
0x0000000008d71000 	/System/Library/Frameworks/DiskArbitration.framework/Versions/A/DiskArbitration
0x0000000008d71000 	/usr/lib/liblangid.dylib
0x0000000008d71000 	/System/Library/PrivateFrameworks/MultitouchSupport.framework/Versions/A/MultitouchSupport
0x0000000008d71000 	/System/Library/Frameworks/IOKit.framework/Versions/A/IOKit
0x0000000008d71000 	/usr/lib/libDiagnosticMessagesClient.dylib
0x0000000008d71000 	/System/Library/Frameworks/CoreServices.framework/Versions/A/CoreServices
0x0000000008d71000 	/System/Library/PrivateFrameworks/PerformanceAnalysis.framework/Versions/A/PerformanceAnalysis
0x0000000008d71000 	/System/Library/PrivateFrameworks/GenerationalStorage.framework/Versions/A/GenerationalStorage
0x0000000008d71000 	/System/Library/Frameworks/OpenGL.framework/Versions/A/OpenGL
0x0000000008d71000 	/System/Library/PrivateFrameworks/Sharing.framework/Versions/A/Sharing
0x0000000008d71000 	/System/Library/Frameworks/CoreGraphics.framework/Versions/A/CoreGraphics
0x0000000008d71000 	/System/Library/Frameworks/CoreImage.framework/Versions/A/CoreImage
0x0000000008d71000 	/System/Library/Frameworks/CoreText.framework/Versions/A/CoreText
0x0000000008d71000 	/System/Library/Frameworks/ImageIO.framework/Versions/A/ImageIO
0x0000000008d71000 	/System/Library/PrivateFrameworks/Backup.framework/Versions/A/Backup
0x0000000008d71000 	/usr/lib/libextension.dylib
0x0000000008d71000 	/usr/lib/libarchive.2.dylib
0x0000000008d71000 	/System/Library/Frameworks/CFNetwork.framework/Versions/A/CFNetwork
0x0000000008d71000 	/System/Library/Frameworks/SystemConfiguration.framework/Versions/A/SystemConfiguration
0x0000000008d71000 	/usr/lib/libCRFSuite.dylib
0x0000000008d71000 	/usr/lib/libc++.1.dylib
0x0000000008d71000 	/usr/lib/libc++abi.dylib
0x0000000008d71000 	/usr/lib/system/libcache.dylib
0x0000000008d71000 	/usr/lib/system/libcommonCrypto.dylib
0x0000000008d71000 	/usr/lib/system/libcompiler_rt.dylib
0x0000000008d71000 	/usr/lib/system/libcopyfile.dylib
0x0000000008d71000 	/usr/lib/system/libcorecrypto.dylib
0x0000000008d71000 	/usr/lib/system/libdispatch.dylib
0x0000000008d71000 	/usr/lib/system/libdyld.dylib
0x0000000008d71000 	/usr/lib/system/libkeymgr.dylib
0x0000000008d71000 	/usr/lib/system/liblaunch.dylib
0x0000000008d71000 	/usr/lib/system/libmacho.dylib
0x0000000008d71000 	/usr/lib/system/libquarantine.dylib
0x0000000008d71000 	/usr/lib/system/libremovefile.dylib
0x0000000008d71000 	/usr/lib/system/libsystem_asl.dylib
0x0000000008d71000 	/usr/lib/system/libsystem_blocks.dylib
0x0000000008d71000 	/usr/lib/system/libsystem_c.dylib
0x0000000008d71000 	/usr/lib/system/libsystem_configuration.dylib
0x0000000008d71000 	/usr/lib/system/libsystem_coreservices.dylib
0x0000000008d71000 	/usr/lib/system/libsystem_coretls.dylib
0x0000000008d71000 	/usr/lib/system/libsystem_dnssd.dylib
0x0000000008d71000 	/usr/lib/system/libsystem_info.dylib
0x0000000008d71000 	/usr/lib/system/libsystem_kernel.dylib
0x0000000008d71000 	/usr/lib/system/libsystem_m.dylib
0x0000000008d71000 	/usr/lib/system/libsystem_malloc.dylib
0x0000000008d71000 	/usr/lib/system/libsystem_network.dylib
0x0000000008d71000 	/usr/lib/system/libsystem_networkextension.dylib
0x0000000008d71000 	/usr/lib/system/libsystem_notify.dylib
0x0000000008d71000 	/usr/lib/system/libsystem_platform.dylib
0x0000000008d71000 	/usr/lib/system/libsystem_pthread.dylib
0x0000000008d71000 	/usr/lib/system/libsystem_sandbox.dylib
0x0000000008d71000 	/usr/lib/system/libsystem_secinit.dylib
0x0000000008d71000 	/usr/lib/system/libsystem_trace.dylib
0x0000000008d71000 	/usr/lib/system/libunc.dylib
0x0000000008d71000 	/usr/lib/system/libunwind.dylib
0x0000000008d71000 	/usr/lib/system/libxpc.dylib
0x0000000008d71000 	/usr/lib/libenergytrace.dylib
0x0000000008d71000 	/usr/lib/libbsm.0.dylib
0x0000000008d71000 	/usr/lib/system/libkxld.dylib
0x0000000008d71000 	/usr/lib/libxar.1.dylib
0x0000000008d71000 	/usr/lib/libsqlite3.dylib
0x0000000008d71000 	/usr/lib/libpam.2.dylib
0x0000000008d71000 	/usr/lib/libOpenScriptingUtil.dylib
0x0000000008d71000 	/usr/lib/libbz2.1.0.dylib
0x0000000008d71000 	/usr/lib/liblzma.5.dylib
0x0000000008d71000 	/System/Library/Frameworks/CoreServices.framework/Versions/A/Frameworks/FSEvents.framework/Versions/A/FSEvents
0x0000000008d71000 	/System/Library/Frameworks/CoreServices.framework/Versions/A/Frameworks/CarbonCore.framework/Versions/A/CarbonCore
0x0000000008d71000 	/System/Library/Frameworks/CoreServices.framework/Versions/A/Frameworks/Metadata.framework/Versions/A/Metadata
0x0000000008d71000 	/System/Library/Frameworks/CoreServices.framework/Versions/A/Frameworks/OSServices.framework/Versions/A/OSServices
0x0000000008d71000 	/System/Library/Frameworks/CoreServices.framework/Versions/A/Frameworks/SearchKit.framework/Versions/A/SearchKit
0x0000000008d71000 	/System/Library/Frameworks/CoreServices.framework/Versions/A/Frameworks/AE.framework/Versions/A/AE
0x0000000008d71000 	/System/Library/Frameworks/CoreServices.framework/Versions/A/Frameworks/LaunchServices.framework/Versions/A/LaunchServices
0x0000000008d71000 	/System/Library/Frameworks/CoreServices.framework/Versions/A/Frameworks/DictionaryServices.framework/Versions/A/DictionaryServices
0x0000000008d71000 	/System/Library/Frameworks/CoreServices.framework/Versions/A/Frameworks/SharedFileList.framework/Versions/A/SharedFileList
0x0000000008d71000 	/System/Library/Frameworks/NetFS.framework/Versions/A/NetFS
0x0000000008d71000 	/System/Library/PrivateFrameworks/NetAuth.framework/Versions/A/NetAuth
0x0000000008d71000 	/System/Library/PrivateFrameworks/login.framework/Versions/A/Frameworks/loginsupport.framework/Versions/A/loginsupport
0x0000000008d71000 	/System/Library/PrivateFrameworks/TCC.framework/Versions/A/TCC
0x0000000008d71000 	/usr/lib/libmecabra.dylib
0x0000000008d71000 	/System/Library/Frameworks/ApplicationServices.framework/Versions/A/Frameworks/ATS.framework/Versions/A/ATS
0x0000000008d71000 	/System/Library/Frameworks/ApplicationServices.framework/Versions/A/Frameworks/ColorSync.framework/Versions/A/ColorSync
0x0000000008d71000 	/System/Library/Frameworks/ApplicationServices.framework/Versions/A/Frameworks/HIServices.framework/Versions/A/HIServices
0x0000000008d71000 	/System/Library/Frameworks/ApplicationServices.framework/Versions/A/Frameworks/LangAnalysis.framework/Versions/A/LangAnalysis
0x0000000008d71000 	/System/Library/Frameworks/ApplicationServices.framework/Versions/A/Frameworks/PrintCore.framework/Versions/A/PrintCore
0x0000000008d71000 	/System/Library/Frameworks/ApplicationServices.framework/Versions/A/Frameworks/QD.framework/Versions/A/QD
0x0000000008d71000 	/System/Library/Frameworks/ApplicationServices.framework/Versions/A/Frameworks/SpeechSynthesis.framework/Versions/A/SpeechSynthesis
0x0000000008d71000 	/System/Library/Frameworks/Metal.framework/Versions/A/Metal
0x0000000008d71000 	/System/Library/Frameworks/Accelerate.framework/Versions/A/Frameworks/vImage.framework/Versions/A/vImage
0x0000000008d71000 	/System/Library/Frameworks/Accelerate.framework/Versions/A/Frameworks/vecLib.framework/Versions/A/vecLib
0x0000000008d71000 	/System/Library/Frameworks/Accelerate.framework/Versions/A/Frameworks/vecLib.framework/Versions/A/libvDSP.dylib
0x0000000008d71000 	/System/Library/Frameworks/Accelerate.framework/Versions/A/Frameworks/vecLib.framework/Versions/A/libvMisc.dylib
0x0000000008d71000 	/System/Library/Frameworks/Accelerate.framework/Versions/A/Frameworks/vecLib.framework/Versions/A/libLAPACK.dylib
0x0000000008d71000 	/System/Library/Frameworks/Accelerate.framework/Versions/A/Frameworks/vecLib.framework/Versions/A/libBLAS.dylib
0x0000000008d71000 	/System/Library/Frameworks/Accelerate.framework/Versions/A/Frameworks/vecLib.framework/Versions/A/libLinearAlgebra.dylib
0x0000000008d71000 	/System/Library/Frameworks/Accelerate.framework/Versions/A/Frameworks/vecLib.framework/Versions/A/libSparseBLAS.dylib
0x0000000008d71000 	/System/Library/PrivateFrameworks/GPUCompiler.framework/libmetal_timestamp.dylib
0x0000000008d71000 	/System/Library/Frameworks/OpenGL.framework/Versions/A/Libraries/libCoreFSCache.dylib
0x0000000008d71000 	/System/Library/PrivateFrameworks/IOAccelerator.framework/Versions/A/IOAccelerator
0x0000000008d71000 	/System/Library/Frameworks/ApplicationServices.framework/Versions/A/Frameworks/ATS.framework/Versions/A/Resources/libFontParser.dylib
0x0000000008d71000 	/System/Library/Frameworks/ApplicationServices.framework/Versions/A/Frameworks/ATS.framework/Versions/A/Resources/libFontRegistry.dylib
0x0000000008d71000 	/System/Library/PrivateFrameworks/AppleVPA.framework/Versions/A/AppleVPA
0x0000000008d71000 	/System/Library/PrivateFrameworks/AppleJPEG.framework/Versions/A/AppleJPEG
0x0000000008d71000 	/System/Library/Frameworks/ImageIO.framework/Versions/A/Resources/libJPEG.dylib
0x0000000008d71000 	/System/Library/Frameworks/ImageIO.framework/Versions/A/Resources/libTIFF.dylib
0x0000000008d71000 	/System/Library/Frameworks/ImageIO.framework/Versions/A/Resources/libPng.dylib
0x0000000008d71000 	/System/Library/Frameworks/ImageIO.framework/Versions/A/Resources/libGIF.dylib
0x0000000008d71000 	/System/Library/Frameworks/ImageIO.framework/Versions/A/Resources/libJP2.dylib
0x0000000008d71000 	/System/Library/Frameworks/ImageIO.framework/Versions/A/Resources/libRadiance.dylib
0x0000000008d71000 	/System/Library/Frameworks/CoreVideo.framework/Versions/A/CoreVideo
0x0000000008d71000 	/System/Library/Frameworks/OpenGL.framework/Versions/A/Libraries/libGLU.dylib
0x0000000008d71000 	/System/Library/Frameworks/OpenGL.framework/Versions/A/Libraries/libGFXShared.dylib
0x0000000008d71000 	/System/Library/Frameworks/OpenGL.framework/Versions/A/Libraries/libGL.dylib
0x0000000008d71000 	/System/Library/Frameworks/OpenGL.framework/Versions/A/Libraries/libGLImage.dylib
0x0000000008d71000 	/System/Library/Frameworks/OpenGL.framework/Versions/A/Libraries/libCVMSPluginSupport.dylib
0x0000000008d71000 	/System/Library/Frameworks/OpenGL.framework/Versions/A/Libraries/libCoreVMClient.dylib
0x0000000008d71000 	/usr/lib/libcups.2.dylib
0x0000000008d71000 	/System/Library/Frameworks/Kerberos.framework/Versions/A/Kerberos
0x0000000008d71000 	/System/Library/Frameworks/GSS.framework/Versions/A/GSS
0x0000000008d71000 	/usr/lib/libresolv.9.dylib
0x0000000008d71000 	/usr/lib/libiconv.2.dylib
0x0000000008d71000 	/System/Library/PrivateFrameworks/Heimdal.framework/Versions/A/Heimdal
0x0000000008d71000 	/usr/lib/libheimdal-asn1.dylib
0x0000000008d71000 	/System/Library/Frameworks/OpenDirectory.framework/Versions/A/OpenDirectory
0x0000000008d71000 	/System/Library/PrivateFrameworks/CommonAuth.framework/Versions/A/CommonAuth
0x0000000008d71000 	/System/Library/Frameworks/OpenDirectory.framework/Versions/A/Frameworks/CFOpenDirectory.framework/Versions/A/CFOpenDirectory
0x0000000008d71000 	/System/Library/Frameworks/SecurityFoundation.framework/Versions/A/SecurityFoundation
0x0000000008d71000 	/System/Library/PrivateFrameworks/LanguageModeling.framework/Versions/A/LanguageModeling
0x0000000008d71000 	/usr/lib/libmarisa.dylib
0x0000000008d71000 	/usr/lib/libChineseTokenizer.dylib
0x0000000008d71000 	/usr/lib/libcmph.dylib
0x0000000008d71000 	/usr/lib/libcompression.dylib
0x0000000008d71000 	/System/Library/Frameworks/ServiceManagement.framework/Versions/A/ServiceManagement
0x0000000008d71000 	/usr/lib/libxslt.1.dylib
0x0000000008d71000 	/System/Library/Frameworks/Carbon.framework/Versions/A/Frameworks/Ink.framework/Versions/A/Ink
0x0000000008d71000 	/usr/lib/libFosl_dynamic.dylib
0x0000000008d71000 	/System/Library/PrivateFrameworks/FaceCore.framework/Versions/A/FaceCore
0x0000000008d71000 	/System/Library/Frameworks/OpenCL.framework/Versions/A/OpenCL
0x0000000008d71000 	/System/Library/PrivateFrameworks/CrashReporterSupport.framework/Versions/A/CrashReporterSupport
0x0000000008d71000 	/System/Library/PrivateFrameworks/IconServices.framework/Versions/A/IconServices
0x0000000008d71000 	/System/Library/PrivateFrameworks/Apple80211.framework/Versions/A/Apple80211
0x0000000008d71000 	/System/Library/Frameworks/CoreWLAN.framework/Versions/A/CoreWLAN
0x0000000008d71000 	/System/Library/Frameworks/IOBluetooth.framework/Versions/A/IOBluetooth
0x0000000008d71000 	/System/Library/PrivateFrameworks/CoreWiFi.framework/Versions/A/CoreWiFi
0x0000000008d71000 	/System/Library/Frameworks/CoreBluetooth.framework/Versions/A/CoreBluetooth
0x0000000008d71000 	/System/Library/PrivateFrameworks/ChunkingLibrary.framework/Versions/A/ChunkingLibrary
0x0000000008d71000 	/System/Library/PrivateFrameworks/DebugSymbols.framework/Versions/A/DebugSymbols
0x0000000008d71000 	/System/Library/PrivateFrameworks/CoreSymbolication.framework/Versions/A/CoreSymbolication
0x0000000008d71000 	/System/Library/PrivateFrameworks/Symbolication.framework/Versions/A/Symbolication
0x0000000008d71000 	/System/Library/PrivateFrameworks/SpeechRecognitionCore.framework/Versions/A/SpeechRecognitionCore
0x000000010c400000 	/Library/Java/JavaVirtualMachines/jdk1.8.0_77.jdk/Contents/Home/jre/lib/server/libjvm.dylib
0x0000000008d71000 	/usr/lib/libstdc++.6.dylib
0x000000010ba4f000 	/Library/Java/JavaVirtualMachines/jdk1.8.0_77.jdk/Contents/Home/jre/lib/libverify.dylib
0x000000010ba5d000 	/Library/Java/JavaVirtualMachines/jdk1.8.0_77.jdk/Contents/Home/jre/lib/libjava.dylib
0x000000010ba9c000 	/Library/Java/JavaVirtualMachines/jdk1.8.0_77.jdk/Contents/Home/jre/lib/libzip.dylib
0x0000000122bb0000 	/System/Library/Frameworks/JavaVM.framework/Frameworks/JavaRuntimeSupport.framework/JavaRuntimeSupport
0x000000010bbe7000 	/System/Library/Frameworks/JavaVM.framework/Versions/A/Frameworks/JavaNativeFoundation.framework/Versions/A/JavaNativeFoundation
0x0000000122bcb000 	/System/Library/Frameworks/JavaVM.framework/Versions/A/JavaVM
0x0000000008d71000 	/System/Library/Frameworks/Carbon.framework/Versions/A/Carbon
0x0000000122bd8000 	/System/Library/PrivateFrameworks/JavaLaunching.framework/Versions/A/JavaLaunching
0x0000000008d71000 	/System/Library/Frameworks/Carbon.framework/Versions/A/Frameworks/CommonPanels.framework/Versions/A/CommonPanels
0x0000000008d71000 	/System/Library/Frameworks/Carbon.framework/Versions/A/Frameworks/Help.framework/Versions/A/Help
0x0000000008d71000 	/System/Library/Frameworks/Carbon.framework/Versions/A/Frameworks/ImageCapture.framework/Versions/A/ImageCapture
0x0000000008d71000 	/System/Library/Frameworks/Carbon.framework/Versions/A/Frameworks/OpenScripting.framework/Versions/A/OpenScripting
0x0000000008d71000 	/System/Library/Frameworks/Carbon.framework/Versions/A/Frameworks/Print.framework/Versions/A/Print
0x0000000008d71000 	/System/Library/Frameworks/Carbon.framework/Versions/A/Frameworks/SecurityHI.framework/Versions/A/SecurityHI
0x000000012450a000 	/Library/Java/JavaVirtualMachines/jdk1.8.0_77.jdk/Contents/Home/jre/lib/libawt.dylib
0x00000001245b2000 	/Library/Java/JavaVirtualMachines/jdk1.8.0_77.jdk/Contents/Home/jre/lib/./libmlib_image.dylib
0x000000012467e000 	/Library/Java/JavaVirtualMachines/jdk1.8.0_77.jdk/Contents/Home/jre/lib/libawt_lwawt.dylib
0x0000000124733000 	/Library/Java/JavaVirtualMachines/jdk1.8.0_77.jdk/Contents/Home/jre/lib/./libosxapp.dylib
0x0000000008d71000 	/System/Library/Frameworks/ExceptionHandling.framework/Versions/A/ExceptionHandling
0x0000000008d71000 	/System/Library/PrivateFrameworks/CoreServicesInternal.framework/Versions/A/CoreServicesInternal
0x0000000008d71000 	/System/Library/Frameworks/CoreGraphics.framework/Versions/A/Resources/libRIP.A.dylib
0x0000000008d71000 	/System/Library/Frameworks/Accelerate.framework/Versions/A/Frameworks/vImage.framework/Versions/A/Libraries/libCGInterfaces.dylib
0x0000000008d71000 	/System/Library/Frameworks/CoreGraphics.framework/Versions/A/Resources/libCGXType.A.dylib
0x0000000008d71000 	/System/Library/Frameworks/OpenCL.framework/Versions/A/Libraries/libcldcpuengine.dylib
0x0000000008d71000 	/System/Library/PrivateFrameworks/DiskImages.framework/Versions/A/DiskImages
0x0000000008d71000 	/System/Library/Frameworks/DiscRecording.framework/Versions/A/DiscRecording
0x0000000008d71000 	/usr/lib/libcsfde.dylib
0x0000000008d71000 	/usr/lib/libcurl.4.dylib
0x0000000008d71000 	/System/Library/PrivateFrameworks/MediaKit.framework/Versions/A/MediaKit
0x0000000008d71000 	/System/Library/PrivateFrameworks/ProtectedCloudStorage.framework/Versions/A/ProtectedCloudStorage
0x0000000008d71000 	/usr/lib/libCoreStorage.dylib
0x0000000008d71000 	/System/Library/PrivateFrameworks/EFILogin.framework/Versions/A/EFILogin
0x0000000008d71000 	/usr/lib/libutil.dylib
0x0000000008d71000 	/System/Library/PrivateFrameworks/FindMyDevice.framework/Versions/A/FindMyDevice
0x0000000008d71000 	/System/Library/Frameworks/LDAP.framework/Versions/A/LDAP
0x0000000008d71000 	/usr/lib/libsasl2.2.dylib
0x0000000008d71000 	/System/Library/PrivateFrameworks/CoreDaemon.framework/Versions/B/CoreDaemon
0x0000000008d71000 	/usr/lib/libcrypto.0.9.8.dylib
0x0000000008d71000 	/System/Library/PrivateFrameworks/AppleSRP.framework/Versions/A/AppleSRP
0x0000000008d71000 	/System/Library/PrivateFrameworks/TrustEvaluationAgent.framework/Versions/A/TrustEvaluationAgent
0x00000001267b9000 	cl_kernels
0x0000000008d71000 	/System/Library/Frameworks/OpenCL.framework/Versions/A/Libraries/ImageFormats/unorm8_bgra.dylib
0x0000000008d71000 	/System/Library/Frameworks/OpenCL.framework/Versions/A/Libraries/ImageFormats/unorm8_rgba.dylib
0x0000000008d71000 	/System/Library/PrivateFrameworks/FamilyControls.framework/Versions/A/FamilyControls
0x0000000008d71000 	/System/Library/PrivateFrameworks/CommerceKit.framework/Versions/A/Frameworks/CommerceCore.framework/Versions/A/CommerceCore
0x0000000008d71000 	/System/Library/PrivateFrameworks/SystemAdministration.framework/Versions/A/SystemAdministration
0x0000000008d71000 	/System/Library/PrivateFrameworks/AppContainer.framework/Versions/A/AppContainer
0x0000000008d71000 	/System/Library/PrivateFrameworks/SecCodeWrapper.framework/Versions/A/SecCodeWrapper
0x0000000008d71000 	/System/Library/Frameworks/DirectoryService.framework/Versions/A/DirectoryService
0x0000000008d71000 	/System/Library/PrivateFrameworks/LoginUIKit.framework/Versions/A/Frameworks/LoginUICore.framework/Versions/A/LoginUICore
0x0000000008d71000 	/usr/lib/libodfde.dylib
0x0000000127931000 	/Library/Java/JavaVirtualMachines/jdk1.8.0_77.jdk/Contents/Home/jre/lib/libfontmanager.dylib
0x0000000127998000 	/Users/dsiegler19/Documents/OpenGL Tutorials/LWJGL Game Engine/lib/natives/liblwjgl.jnilib
0x00000001258c6000 	/Library/Java/JavaVirtualMachines/jdk1.8.0_77.jdk/Contents/Home/jre/lib/libjawt.dylib
0x0000000008d71000 	/System/Library/Frameworks/OpenGL.framework/Versions/A/Resources/GLEngine.bundle/GLEngine
0x0000000008d71000 	/System/Library/Frameworks/OpenGL.framework/Versions/A/Libraries/libGLProgrammability.dylib
0x0000000127a17000 	/System/Library/Extensions/AppleIntelHD5000GraphicsGLDriver.bundle/Contents/MacOS/AppleIntelHD5000GraphicsGLDriver
0x0000000008d71000 	/System/Library/PrivateFrameworks/GPUSupport.framework/Versions/A/Libraries/libGPUSupportMercury.dylib
0x0000000008d71000 	/System/Library/Frameworks/OpenGL.framework/Versions/A/Resources/GLRendererFloat.bundle/GLRendererFloat

VM Arguments:
jvm_args: -Djava.library.path=/Users/dsiegler19/Documents/OpenGL Tutorials/LWJGL Game Engine/lib/natives -Dfile.encoding=UTF-8 
java_command: enginetester.MainGameLoop
java_class_path (initial): /Users/dsiegler19/Documents/OpenGL Tutorials/LWJGL Game Engine/bin:/Users/dsiegler19/Documents/OpenGL Tutorials/LWJGL Game Engine/lib/jars/lwjgl_util.jar:/Users/dsiegler19/Documents/OpenGL Tutorials/LWJGL Game Engine/lib/jars/lwjgl.jar:/Users/dsiegler19/Documents/OpenGL Tutorials/LWJGL Game Engine/lib/jars/slick-util.jar:/Users/dsiegler19/Documents/OpenGL Tutorials/LWJGL Game Engine/lib/jars/PNGDecoder.jar
Launcher Type: SUN_STANDARD

Environment Variables:
PATH=/usr/bin:/bin:/usr/sbin:/sbin
SHELL=/bin/bash
DISPLAY=/private/tmp/com.apple.launchd.8AQcC9G1IU/org.macosforge.xquartz:0

Signal Handlers:
SIGSEGV: [libjvm.dylib+0x5a6855], sa_mask[0]=11111111011111110111111111111111, sa_flags=SA_ONSTACK|SA_RESTART|SA_SIGINFO
SIGBUS: [libjvm.dylib+0x5a6855], sa_mask[0]=11111111011111110111111111111111, sa_flags=SA_RESTART|SA_SIGINFO
SIGFPE: [libjvm.dylib+0x4804ec], sa_mask[0]=11111111011111110111111111111111, sa_flags=SA_RESTART|SA_SIGINFO
SIGPIPE: [libjvm.dylib+0x4804ec], sa_mask[0]=11111111011111110111111111111111, sa_flags=SA_RESTART|SA_SIGINFO
SIGXFSZ: [libjvm.dylib+0x4804ec], sa_mask[0]=11111111011111110111111111111111, sa_flags=SA_RESTART|SA_SIGINFO
SIGILL: [libjvm.dylib+0x4804ec], sa_mask[0]=11111111011111110111111111111111, sa_flags=SA_RESTART|SA_SIGINFO
SIGUSR1: SIG_DFL, sa_mask[0]=00000000000000000000000000000000, sa_flags=none
SIGUSR2: [libjvm.dylib+0x48000a], sa_mask[0]=00100000000000000000000000000000, sa_flags=SA_RESTART|SA_SIGINFO
SIGHUP: [libjvm.dylib+0x47e5e1], sa_mask[0]=11111111011111110111111111111111, sa_flags=SA_RESTART|SA_SIGINFO
SIGINT: [libjvm.dylib+0x47e5e1], sa_mask[0]=11111111011111110111111111111111, sa_flags=SA_RESTART|SA_SIGINFO
SIGTERM: [libjvm.dylib+0x47e5e1], sa_mask[0]=11111111011111110111111111111111, sa_flags=SA_RESTART|SA_SIGINFO
SIGQUIT: [libjvm.dylib+0x47e5e1], sa_mask[0]=11111111011111110111111111111111, sa_flags=SA_RESTART|SA_SIGINFO


---------------  S Y S T E M  ---------------

OS:Bsduname:Darwin 15.4.0 Darwin Kernel Version 15.4.0: Fri Feb 26 22:08:05 PST 2016; root:xnu-3248.40.184~3/RELEASE_X86_64 x86_64
rlimit: STACK 8192k, CORE 0k, NPROC 709, NOFILE 10240, AS infinity
load average:2.89 2.95 3.00

CPU:total 4 (2 cores per cpu, 2 threads per core) family 6 model 69 stepping 1, cmov, cx8, fxsr, mmx, sse, sse2, sse3, ssse3, sse4.1, sse4.2, popcnt, avx, avx2, aes, clmul, erms, lzcnt, ht, tsc, tscinvbit, bmi1, bmi2

Memory: 4k page, physical 8388608k(448412k free)

/proc/meminfo:


vm_info: Java HotSpot(TM) 64-Bit Server VM (25.77-b03) for bsd-amd64 JRE (1.8.0_77-b03), built on Mar 20 2016 22:14:03 by "java_re" with gcc 4.2.1 (Based on Apple Inc. build 5658) (LLVM build 2336.11.00)

time: Sun Apr  2 11:55:14 2017
elapsed time: 11 seconds (0d 0h 0m 11s)

