#
# A fatal error has been detected by the Java Runtime Environment:
#
#  SIGSEGV (0xb) at pc=0x00000001073111fd, pid=6919, tid=2571
#
# JRE version: Java(TM) SE Runtime Environment (8.0_77-b03) (build 1.8.0_77-b03)
# Java VM: Java HotSpot(TM) 64-Bit Server VM (25.77-b03 mixed mode bsd-amd64 compressed oops)
# Problematic frame:
# V  [libjvm.dylib+0x3111fd]
#
# Failed to write core dump. Core dumps have been disabled. To enable core dumping, try "ulimit -c unlimited" before starting Java again
#
# If you would like to submit a bug report, please visit:
#   http://bugreport.java.com/bugreport/crash.jsp
#

---------------  T H R E A D  ---------------

Current thread (0x00007fbfc3938800):  JavaThread "AppKit Thread" daemon [_thread_in_vm, id=2571, stack(0x00007fff58fe2000,0x00007fff597e2000)]

siginfo: si_signo: 11 (SIGSEGV), si_code: 1 (SEGV_MAPERR), si_addr: 0x0000000000000000

Registers:
RAX=0x00000001078d9b84, RBX=0x0000000000000000, RCX=0x0000000107815340, RDX=0x00000001078222e0
RSP=0x00007fff597df0c0, RBP=0x00007fff597df110, RSI=0x0000000000000000, RDI=0x00007fbfc39389f8
R8 =0x00007fbfc2e0a300, R9 =0x00007fbfc2e0a300, R10=0x00007fbfc49002e0, R11=0x00007fff7b3d78d8
R12=0x0000000000000000, R13=0x00007fbfc39389f8, R14=0x00007fbfc39389f8, R15=0x00007fbfc3938800
RIP=0x00000001073111fd, EFLAGS=0x0000000000010202, ERR=0x0000000000000004
  TRAPNO=0x000000000000000e

Top of Stack: (sp=0x00007fff597df0c0)
0x00007fff597df0c0:   00007fff597df108 00007fbfc3938800
0x00007fff597df0d0:   0000000000000000 000000010732055a
0x00007fff597df0e0:   0000000000000015 00007fbfc3938800
0x00007fff597df0f0:   00007fbfc3938800 0000000000000015
0x00007fff597df100:   00007fbfc2e2da40 00007fbfc2c615d0
0x00007fff597df110:   00007fff597df190 00000001225f1a71
0x00007fff597df120:   4137581528f748bb 00000000ffffffff
0x00007fff597df130:   00007fff7b1c09d0 00007fbfc2c62100
0x00007fff597df140:   00007fff597df170 00007fff9882d163
0x00007fff597df150:   0000000000000000 4000cccccccccccd
0x00007fff597df160:   00007fbfc2c615d0 0000000000000015
0x00007fff597df170:   0000000000000000 00007fff8d29f4c0
0x00007fff597df180:   00007fbfc2e2da40 00007fbfc2c62100
0x00007fff597df190:   00007fff597df1d0 00007fff94ac0bb5
0x00007fff597df1a0:   00007fbfc2e2da40 00007fbfc2c62100
0x00007fff597df1b0:   00000000000000f8 00007fff8d29f4c0
0x00007fff597df1c0:   00007fbfc2e2da40 0000000000000016
0x00007fff597df1d0:   00007fff597df210 00007fff944ff63d
0x00007fff597df1e0:   00000000c2c62100 00007fff8d29f4c0
0x00007fff597df1f0:   00007fbfc2e2da40 00007fbfc2e2cb50
0x00007fff597df200:   0500a006799e4e07 0000000000001000
0x00007fff597df210:   00007fff597df460 00007fff9447ff7f
0x00007fff597df220:   000000f800000003 00007fbfc2c62100
0x00007fff597df230:   00007fbfc2e2da40 0000000000000016
0x00007fff597df240:   4080500000000000 4076700000000000
0x00007fff597df250:   00056f6a48ac54d8 0001e82300100108
0x00007fff597df260:   0000000000028d37 7b5150df000002cd
0x00007fff597df270:   000000040ff90f2d 0000000000000000
0x00007fff597df280:   0000000000000001 000000010023efd9
0x00007fff597df290:   0000000000001b07 00028d37043be3ba
0x00007fff597df2a0:   0000000000000000 000000000000fff7
0x00007fff597df2b0:   00000000fff67fda ffffffa100000000 

Instructions: (pc=0x00000001073111fd)
0x00000001073111dd:   74 09 48 8d 7d b8 e8 72 fb 19 00 4c 89 f7 48 89
0x00000001073111ed:   de 90 0f 1f 40 00 48 8d 05 8a 89 5c 00 80 38 00
0x00000001073111fd:   48 8b 03 74 15 48 8d 15 27 f7 51 00 8a 4a 08 8b
0x000000010731120d:   40 08 48 d3 e0 48 03 02 eb 04 48 8b 40 08 48 8b 

Register to memory mapping:

RAX=0x00000001078d9b84: UseCompressedClassPointers+0 in /Library/Java/JavaVirtualMachines/jdk1.8.0_77.jdk/Contents/Home/jre/lib/server/libjvm.dylib at 0x0000000107000000
RBX=0x0000000000000000 is an unknown value
RCX=0x0000000107815340: UseMembar+0 in /Library/Java/JavaVirtualMachines/jdk1.8.0_77.jdk/Contents/Home/jre/lib/server/libjvm.dylib at 0x0000000107000000
RDX=0x00000001078222e0: jni_NativeInterface+0 in /Library/Java/JavaVirtualMachines/jdk1.8.0_77.jdk/Contents/Home/jre/lib/server/libjvm.dylib at 0x0000000107000000
RSP=0x00007fff597df0c0 is pointing into the stack for thread: 0x00007fbfc3938800
RBP=0x00007fff597df110 is pointing into the stack for thread: 0x00007fbfc3938800
RSI=0x0000000000000000 is an unknown value
RDI=0x00007fbfc39389f8 is an unknown value
R8 =0x00007fbfc2e0a300 is an unknown value
R9 =0x00007fbfc2e0a300 is an unknown value
R10=0x00007fbfc49002e0 is an unknown value
R11=0x00007fff7b3d78d8: OBJC_CLASS_$_NSEvent+0 in /System/Library/Frameworks/AppKit.framework/Versions/C/AppKit at 0x00007fff942aa000
R12=0x0000000000000000 is an unknown value
R13=0x00007fbfc39389f8 is an unknown value
R14=0x00007fbfc39389f8 is an unknown value
R15=0x00007fbfc3938800 is a thread


Stack: [0x00007fff58fe2000,0x00007fff597e2000],  sp=0x00007fff597df0c0,  free space=8180k
Native frames: (J=compiled Java code, j=interpreted, Vv=VM code, C=native code)
V  [libjvm.dylib+0x3111fd]
C  [liblwjgl.jnilib+0xaa71]  -[MacOSXOpenGLView scrollWheel:]+0x81
C  [AppKit+0x816bb5]  -[NSWindow _reallySendEvent:isDelayedEvent:]+0x83c
C  [AppKit+0x25563d]  -[NSWindow sendEvent:]+0x205
C  [AppKit+0x1d5f7f]  -[NSApplication sendEvent:]+0xe2f
C  [libosxapp.dylib+0x232c]  -[NSApplicationAWT sendEvent:]+0x17a
C  [AppKit+0x3cef6]  -[NSApplication run]+0x31c
C  [libosxapp.dylib+0x214d]  +[NSApplicationAWT runAWTLoopWithApp:]+0x9c
C  [libawt_lwawt.dylib+0x4455b]  -[AWTStarter starter:]+0x389
C  [Foundation+0x76f5e]  __NSThreadPerformPerform+0x117
C  [CoreFoundation+0xaa881]  __CFRUNLOOP_IS_CALLING_OUT_TO_A_SOURCE0_PERFORM_FUNCTION__+0x11
C  [CoreFoundation+0x89fbc]  __CFRunLoopDoSources0+0x22c
C  [CoreFoundation+0x894df]  __CFRunLoopRun+0x39f
C  [CoreFoundation+0x88ed8]  CFRunLoopRunSpecific+0x128
C  [java+0x6463]  CreateExecutionEnvironment+0x367
C  [java+0x21ac]  JLI_Launch+0x7a0
C  [java+0x84c0]  main+0x65
C  [java+0x1a04]  start+0x34
C  0x0000000000000006


---------------  P R O C E S S  ---------------

Java Threads: ( => current thread )
  0x00007fbfc41ce800 JavaThread "AWT-Shutdown" [_thread_blocked, id=52367, stack(0x00007000010cd000,0x00007000011cd000)]
=>0x00007fbfc3938800 JavaThread "AppKit Thread" daemon [_thread_in_vm, id=2571, stack(0x00007fff58fe2000,0x00007fff597e2000)]
  0x00007fbfc3046000 JavaThread "Service Thread" daemon [_thread_blocked, id=18435, stack(0x0000700000dc1000,0x0000700000ec1000)]
  0x00007fbfc303d800 JavaThread "C1 CompilerThread2" daemon [_thread_blocked, id=17923, stack(0x0000700000cbe000,0x0000700000dbe000)]
  0x00007fbfc3045000 JavaThread "C2 CompilerThread1" daemon [_thread_blocked, id=17411, stack(0x0000700000bbb000,0x0000700000cbb000)]
  0x00007fbfc480d800 JavaThread "C2 CompilerThread0" daemon [_thread_blocked, id=16899, stack(0x0000700000ab8000,0x0000700000bb8000)]
  0x00007fbfc3810000 JavaThread "Signal Dispatcher" daemon [_thread_blocked, id=12815, stack(0x00007000009b5000,0x0000700000ab5000)]
  0x00007fbfc403c000 JavaThread "Finalizer" daemon [_thread_blocked, id=12291, stack(0x000070000082f000,0x000070000092f000)]
  0x00007fbfc4000800 JavaThread "Reference Handler" daemon [_thread_blocked, id=11779, stack(0x000070000072c000,0x000070000082c000)]
  0x00007fbfc4002800 JavaThread "main" [_thread_in_native, id=5891, stack(0x000070000011a000,0x000070000021a000)]

Other Threads:
  0x00007fbfc3804000 VMThread [stack: 0x0000700000629000,0x0000700000729000] [id=11267]
  0x00007fbfc3046800 WatcherThread [stack: 0x0000700000ec4000,0x0000700000fc4000] [id=18947]

VM state:not at safepoint (normal execution)

VM Mutex/Monitor currently owned by a thread: None

Heap:
 PSYoungGen      total 33792K, used 28256K [0x0000000795580000, 0x0000000797a00000, 0x00000007c0000000)
  eden space 31232K, 90% used [0x0000000795580000,0x0000000797100090,0x0000000797400000)
  from space 2560K, 3% used [0x0000000797700000,0x0000000797718000,0x0000000797980000)
  to   space 3072K, 0% used [0x0000000797400000,0x0000000797400000,0x0000000797700000)
 ParOldGen       total 87552K, used 1524K [0x0000000740000000, 0x0000000745580000, 0x0000000795580000)
  object space 87552K, 1% used [0x0000000740000000,0x000000074017d0a8,0x0000000745580000)
 Metaspace       used 7291K, capacity 7451K, committed 7808K, reserved 1056768K
  class space    used 706K, capacity 792K, committed 896K, reserved 1048576K

Card table byte_map: [0x000000011734f000,0x0000000117750000] byte_map_base: 0x000000011394f000

Marking Bits: (ParMarkBitMap*) 0x00000001078e3ea0
 Begin Bits: [0x00000001179fb000, 0x00000001199fb000)
 End Bits:   [0x00000001199fb000, 0x000000011b9fb000)

Polling page: 0x00000001066e1000

CodeCache: size=245760Kb used=4214Kb max_used=4226Kb free=241545Kb
 bounds [0x0000000107f8f000, 0x00000001083bf000, 0x0000000116f8f000]
 total_blobs=1482 nmethods=1053 adapters=343
 compilation: enabled

Compilation events (10 events):
Event: 17.628 Thread 0x00007fbfc303d800 nmethod 1048 0x00000001083af0d0 code [0x00000001083af220, 0x00000001083af370]
Event: 17.629 Thread 0x00007fbfc303d800 1049       3       java.nio.Bits::long4 (7 bytes)
Event: 17.629 Thread 0x00007fbfc303d800 nmethod 1049 0x00000001083af3d0 code [0x00000001083af520, 0x00000001083af670]
Event: 18.738 Thread 0x00007fbfc303d800 1050       3       org.lwjgl.BufferChecks::checkBufferSize (20 bytes)
Event: 18.739 Thread 0x00007fbfc303d800 nmethod 1050 0x00000001083af6d0 code [0x00000001083af840, 0x00000001083afac8]
Event: 18.824 Thread 0x00007fbfc303d800 1052       1       org.lwjgl.util.vector.Vector4f::getY (5 bytes)
Event: 18.824 Thread 0x00007fbfc303d800 nmethod 1052 0x00000001083afbd0 code [0x00000001083afd20, 0x00000001083afe30]
Event: 18.824 Thread 0x00007fbfc303d800 1051       1       org.lwjgl.util.vector.Vector4f::getX (5 bytes)
Event: 18.824 Thread 0x00007fbfc303d800 nmethod 1051 0x00000001083afe90 code [0x00000001083affe0, 0x00000001083b00f0]
Event: 18.972 Thread 0x00007fbfc480d800 1053       4       java.nio.DirectByteBuffer::put (18 bytes)

GC Heap History (10 events):
Event: 9.646 GC heap before
{Heap before GC invocations=4 (full 0):
 PSYoungGen      total 38400K, used 34800K [0x0000000795580000, 0x0000000798000000, 0x00000007c0000000)
  eden space 33280K, 100% used [0x0000000795580000,0x0000000797600000,0x0000000797600000)
  from space 5120K, 29% used [0x0000000797600000,0x000000079777c010,0x0000000797b00000)
  to   space 5120K, 0% used [0x0000000797b00000,0x0000000797b00000,0x0000000798000000)
 ParOldGen       total 87552K, used 32K [0x0000000740000000, 0x0000000745580000, 0x0000000795580000)
  object space 87552K, 0% used [0x0000000740000000,0x0000000740008000,0x0000000745580000)
 Metaspace       used 7254K, capacity 7387K, committed 7552K, reserved 1056768K
  class space    used 705K, capacity 792K, committed 896K, reserved 1048576K
Event: 9.650 GC heap after
Heap after GC invocations=4 (full 0):
 PSYoungGen      total 38400K, used 1568K [0x0000000795580000, 0x0000000798000000, 0x00000007c0000000)
  eden space 33280K, 0% used [0x0000000795580000,0x0000000795580000,0x0000000797600000)
  from space 5120K, 30% used [0x0000000797b00000,0x0000000797c88000,0x0000000798000000)
  to   space 5120K, 0% used [0x0000000797600000,0x0000000797600000,0x0000000797b00000)
 ParOldGen       total 87552K, used 40K [0x0000000740000000, 0x0000000745580000, 0x0000000795580000)
  object space 87552K, 0% used [0x0000000740000000,0x000000074000a000,0x0000000745580000)
 Metaspace       used 7254K, capacity 7387K, committed 7552K, reserved 1056768K
  class space    used 705K, capacity 792K, committed 896K, reserved 1048576K
}
Event: 11.611 GC heap before
{Heap before GC invocations=5 (full 0):
 PSYoungGen      total 38400K, used 34848K [0x0000000795580000, 0x0000000798000000, 0x00000007c0000000)
  eden space 33280K, 100% used [0x0000000795580000,0x0000000797600000,0x0000000797600000)
  from space 5120K, 30% used [0x0000000797b00000,0x0000000797c88000,0x0000000798000000)
  to   space 5120K, 0% used [0x0000000797600000,0x0000000797600000,0x0000000797b00000)
 ParOldGen       total 87552K, used 40K [0x0000000740000000, 0x0000000745580000, 0x0000000795580000)
  object space 87552K, 0% used [0x0000000740000000,0x000000074000a000,0x0000000745580000)
 Metaspace       used 7260K, capacity 7387K, committed 7552K, reserved 1056768K
  class space    used 705K, capacity 792K, committed 896K, reserved 1048576K
Event: 11.617 GC heap after
Heap after GC invocations=5 (full 0):
 PSYoungGen      total 34304K, used 1504K [0x0000000795580000, 0x0000000797b80000, 0x00000007c0000000)
  eden space 32768K, 0% used [0x0000000795580000,0x0000000795580000,0x0000000797580000)
  from space 1536K, 97% used [0x0000000797600000,0x0000000797778020,0x0000000797780000)
  to   space 2560K, 0% used [0x0000000797900000,0x0000000797900000,0x0000000797b80000)
 ParOldGen       total 87552K, used 40K [0x0000000740000000, 0x0000000745580000, 0x0000000795580000)
  object space 87552K, 0% used [0x0000000740000000,0x000000074000a000,0x0000000745580000)
 Metaspace       used 7260K, capacity 7387K, committed 7552K, reserved 1056768K
  class space    used 705K, capacity 792K, committed 896K, reserved 1048576K
}
Event: 13.576 GC heap before
{Heap before GC invocations=6 (full 0):
 PSYoungGen      total 34304K, used 34272K [0x0000000795580000, 0x0000000797b80000, 0x00000007c0000000)
  eden space 32768K, 100% used [0x0000000795580000,0x0000000797580000,0x0000000797580000)
  from space 1536K, 97% used [0x0000000797600000,0x0000000797778020,0x0000000797780000)
  to   space 2560K, 0% used [0x0000000797900000,0x0000000797900000,0x0000000797b80000)
 ParOldGen       total 87552K, used 40K [0x0000000740000000, 0x0000000745580000, 0x0000000795580000)
  object space 87552K, 0% used [0x0000000740000000,0x000000074000a000,0x0000000745580000)
 Metaspace       used 7269K, capacity 7451K, committed 7808K, reserved 1056768K
  class space    used 706K, capacity 792K, committed 896K, reserved 1048576K
Event: 13.584 GC heap after
Heap after GC invocations=6 (full 0):
 PSYoungGen      total 33792K, used 1504K [0x0000000795580000, 0x0000000797a80000, 0x00000007c0000000)
  eden space 32256K, 0% used [0x0000000795580000,0x0000000795580000,0x0000000797500000)
  from space 1536K, 97% used [0x0000000797900000,0x0000000797a78000,0x0000000797a80000)
  to   space 2560K, 0% used [0x0000000797580000,0x0000000797580000,0x0000000797800000)
 ParOldGen       total 87552K, used 48K [0x0000000740000000, 0x0000000745580000, 0x0000000795580000)
  object space 87552K, 0% used [0x0000000740000000,0x000000074000c000,0x0000000745580000)
 Metaspace       used 7269K, capacity 7451K, committed 7808K, reserved 1056768K
  class space    used 706K, capacity 792K, committed 896K, reserved 1048576K
}
Event: 15.427 GC heap before
{Heap before GC invocations=7 (full 0):
 PSYoungGen      total 33792K, used 33760K [0x0000000795580000, 0x0000000797a80000, 0x00000007c0000000)
  eden space 32256K, 100% used [0x0000000795580000,0x0000000797500000,0x0000000797500000)
  from space 1536K, 97% used [0x0000000797900000,0x0000000797a78000,0x0000000797a80000)
  to   space 2560K, 0% used [0x0000000797580000,0x0000000797580000,0x0000000797800000)
 ParOldGen       total 87552K, used 48K [0x0000000740000000, 0x0000000745580000, 0x0000000795580000)
  object space 87552K, 0% used [0x0000000740000000,0x000000074000c000,0x0000000745580000)
 Metaspace       used 7270K, capacity 7451K, committed 7808K, reserved 1056768K
  class space    used 706K, capacity 792K, committed 896K, reserved 1048576K
Event: 15.435 GC heap after
Heap after GC invocations=7 (full 0):
 PSYoungGen      total 32256K, used 128K [0x0000000795580000, 0x0000000797980000, 0x00000007c0000000)
  eden space 31744K, 0% used [0x0000000795580000,0x0000000795580000,0x0000000797480000)
  from space 512K, 25% used [0x0000000797580000,0x00000007975a0000,0x0000000797600000)
  to   space 2560K, 0% used [0x0000000797700000,0x0000000797700000,0x0000000797980000)
 ParOldGen       total 87552K, used 1516K [0x0000000740000000, 0x0000000745580000, 0x0000000795580000)
  object space 87552K, 1% used [0x0000000740000000,0x000000074017b0a8,0x0000000745580000)
 Metaspace       used 7270K, capacity 7451K, committed 7808K, reserved 1056768K
  class space    used 706K, capacity 792K, committed 896K, reserved 1048576K
}
Event: 17.244 GC heap before
{Heap before GC invocations=8 (full 0):
 PSYoungGen      total 32256K, used 31872K [0x0000000795580000, 0x0000000797980000, 0x00000007c0000000)
  eden space 31744K, 100% used [0x0000000795580000,0x0000000797480000,0x0000000797480000)
  from space 512K, 25% used [0x0000000797580000,0x00000007975a0000,0x0000000797600000)
  to   space 2560K, 0% used [0x0000000797700000,0x0000000797700000,0x0000000797980000)
 ParOldGen       total 87552K, used 1516K [0x0000000740000000, 0x0000000745580000, 0x0000000795580000)
  object space 87552K, 1% used [0x0000000740000000,0x000000074017b0a8,0x0000000745580000)
 Metaspace       used 7278K, capacity 7451K, committed 7808K, reserved 1056768K
  class space    used 706K, capacity 792K, committed 896K, reserved 1048576K
Event: 17.244 GC heap after
Heap after GC invocations=8 (full 0):
 PSYoungGen      total 33792K, used 96K [0x0000000795580000, 0x0000000797a00000, 0x00000007c0000000)
  eden space 31232K, 0% used [0x0000000795580000,0x0000000795580000,0x0000000797400000)
  from space 2560K, 3% used [0x0000000797700000,0x0000000797718000,0x0000000797980000)
  to   space 3072K, 0% used [0x0000000797400000,0x0000000797400000,0x0000000797700000)
 ParOldGen       total 87552K, used 1524K [0x0000000740000000, 0x0000000745580000, 0x0000000795580000)
  object space 87552K, 1% used [0x0000000740000000,0x000000074017d0a8,0x0000000745580000)
 Metaspace       used 7278K, capacity 7451K, committed 7808K, reserved 1056768K
  class space    used 706K, capacity 792K, committed 896K, reserved 1048576K
}

Deoptimization events (5 events):
Event: 0.685 Thread 0x00007fbfc4002800 Uncommon trap: reason=unstable_if action=reinterpret pc=0x00000001081115dc method=java.lang.String.replace(CC)Ljava/lang/String; @ 26
Event: 0.776 Thread 0x00007fbfc4002800 Uncommon trap: reason=unstable_if action=reinterpret pc=0x0000000108187fd8 method=java.io.BufferedReader.readLine(Z)Ljava/lang/String; @ 55
Event: 1.497 Thread 0x00007fbfc4002800 Uncommon trap: reason=predicate action=maybe_recompile pc=0x000000010820a6f8 method=java.util.AbstractCollection.toArray([Ljava/lang/Object;)[Ljava/lang/Object; @ 49
Event: 3.004 Thread 0x00007fbfc4002800 Uncommon trap: reason=unstable_if action=reinterpret pc=0x00000001081fd9a0 method=java.nio.DirectByteBuffer.put([BII)Ljava/nio/ByteBuffer; @ 8
Event: 14.040 Thread 0x00007fbfc4002800 Uncommon trap: reason=unstable_if action=reinterpret pc=0x000000010838250c method=util.MousePicker.intersectionInRange(FFLorg/lwjgl/util/vector/Vector3f;)Z @ 22

Internal exceptions (10 events):
Event: 0.031 Thread 0x00007fbfc4002800 Exception <a 'java/lang/NoSuchMethodError': Method sun.misc.Unsafe.prefetchRead(Ljava/lang/Object;J)V name or signature does not match> (0x0000000795587fa8) thrown at [/Users/java_re/workspace/8-2-build-macosx-x86_64/jdk8u77/6540/hotspot/src/share/vm/prim
Event: 0.127 Thread 0x00007fbfc4002800 Exception <a 'java/security/PrivilegedActionException'> (0x0000000795751520) thrown at [/Users/java_re/workspace/8-2-build-macosx-x86_64/jdk8u77/6540/hotspot/src/share/vm/prims/jvm.cpp, line 1386]
Event: 0.127 Thread 0x00007fbfc4002800 Exception <a 'java/security/PrivilegedActionException'> (0x0000000795751730) thrown at [/Users/java_re/workspace/8-2-build-macosx-x86_64/jdk8u77/6540/hotspot/src/share/vm/prims/jvm.cpp, line 1386]
Event: 0.127 Thread 0x00007fbfc4002800 Exception <a 'java/security/PrivilegedActionException'> (0x0000000795754bb8) thrown at [/Users/java_re/workspace/8-2-build-macosx-x86_64/jdk8u77/6540/hotspot/src/share/vm/prims/jvm.cpp, line 1386]
Event: 0.127 Thread 0x00007fbfc4002800 Exception <a 'java/security/PrivilegedActionException'> (0x0000000795754dc8) thrown at [/Users/java_re/workspace/8-2-build-macosx-x86_64/jdk8u77/6540/hotspot/src/share/vm/prims/jvm.cpp, line 1386]
Event: 0.183 Thread 0x00007fbfc4002800 Exception <a 'java/lang/NoSuchFieldError': method resolution failed> (0x00000007958226a8) thrown at [/Users/java_re/workspace/8-2-build-macosx-x86_64/jdk8u77/6540/hotspot/src/share/vm/prims/methodHandles.cpp, line 1146]
Event: 0.186 Thread 0x00007fbfc4002800 Exception <a 'java/lang/NoSuchFieldError': method resolution failed> (0x000000079582fe08) thrown at [/Users/java_re/workspace/8-2-build-macosx-x86_64/jdk8u77/6540/hotspot/src/share/vm/prims/methodHandles.cpp, line 1146]
Event: 0.459 Thread 0x00007fbfc4002800 Exception <a 'java/io/FileNotFoundException'> (0x00000007958aafa0) thrown at [/Users/java_re/workspace/8-2-build-macosx-x86_64/jdk8u77/6540/hotspot/src/share/vm/prims/jni.cpp, line 709]
Event: 0.459 Thread 0x00007fbfc4002800 Exception <a 'java/io/FileNotFoundException'> (0x00000007958abb08) thrown at [/Users/java_re/workspace/8-2-build-macosx-x86_64/jdk8u77/6540/hotspot/src/share/vm/prims/jni.cpp, line 709]
Event: 0.477 Thread 0x00007fbfc4002800 Exception <a 'java/lang/UnsatisfiedLinkError'> (0x00000007958b90c0) thrown at [/Users/java_re/workspace/8-2-build-macosx-x86_64/jdk8u77/6540/hotspot/src/share/vm/prims/jvm.cpp, line 1390]

Events (10 events):
Event: 13.584 Executing VM operation: ParallelGCFailedAllocation done
Event: 14.040 Thread 0x00007fbfc4002800 Uncommon trap: trap_request=0xffffff65 fr.pc=0x000000010838250c
Event: 14.040 Thread 0x00007fbfc4002800 DEOPT PACKING pc=0x000000010838250c sp=0x00007000002196d0
Event: 14.040 Thread 0x00007fbfc4002800 DEOPT UNPACKING pc=0x0000000107f94229 sp=0x0000700000219698 mode 2
Event: 15.426 Executing VM operation: ParallelGCFailedAllocation
Event: 15.435 Executing VM operation: ParallelGCFailedAllocation done
Event: 17.243 Executing VM operation: ParallelGCFailedAllocation
Event: 17.244 Executing VM operation: ParallelGCFailedAllocation done
Event: 18.962 loading class org/lwjgl/opengl/CallbackUtil
Event: 18.962 loading class org/lwjgl/opengl/CallbackUtil done


Dynamic libraries:
0x0000000008d71000 	/System/Library/Frameworks/Cocoa.framework/Versions/A/Cocoa
0x0000000008d71000 	/System/Library/Frameworks/Security.framework/Versions/A/Security
0x0000000008d71000 	/System/Library/Frameworks/ApplicationServices.framework/Versions/A/ApplicationServices
0x0000000008d71000 	/usr/lib/libz.1.dylib
0x0000000008d71000 	/usr/lib/libSystem.B.dylib
0x0000000008d71000 	/usr/lib/libobjc.A.dylib
0x0000000008d71000 	/System/Library/Frameworks/CoreFoundation.framework/Versions/A/CoreFoundation
0x0000000008d71000 	/System/Library/Frameworks/Foundation.framework/Versions/C/Foundation
0x0000000008d71000 	/System/Library/Frameworks/AppKit.framework/Versions/C/AppKit
0x0000000008d71000 	/System/Library/Frameworks/CoreData.framework/Versions/A/CoreData
0x0000000008d71000 	/System/Library/PrivateFrameworks/RemoteViewServices.framework/Versions/A/RemoteViewServices
0x0000000008d71000 	/System/Library/PrivateFrameworks/UIFoundation.framework/Versions/A/UIFoundation
0x0000000008d71000 	/usr/lib/libScreenReader.dylib
0x0000000008d71000 	/System/Library/Frameworks/Accelerate.framework/Versions/A/Accelerate
0x0000000008d71000 	/System/Library/Frameworks/IOSurface.framework/Versions/A/IOSurface
0x0000000008d71000 	/System/Library/Frameworks/AudioToolbox.framework/Versions/A/AudioToolbox
0x0000000008d71000 	/System/Library/Frameworks/AudioUnit.framework/Versions/A/AudioUnit
0x0000000008d71000 	/System/Library/PrivateFrameworks/DataDetectorsCore.framework/Versions/A/DataDetectorsCore
0x0000000008d71000 	/System/Library/PrivateFrameworks/DesktopServicesPriv.framework/Versions/A/DesktopServicesPriv
0x0000000008d71000 	/System/Library/Frameworks/Carbon.framework/Versions/A/Frameworks/HIToolbox.framework/Versions/A/HIToolbox
0x0000000008d71000 	/System/Library/Frameworks/QuartzCore.framework/Versions/A/QuartzCore
0x0000000008d71000 	/System/Library/Frameworks/Carbon.framework/Versions/A/Frameworks/SpeechRecognition.framework/Versions/A/SpeechRecognition
0x0000000008d71000 	/usr/lib/libauto.dylib
0x0000000008d71000 	/usr/lib/libicucore.A.dylib
0x0000000008d71000 	/usr/lib/libxml2.2.dylib
0x0000000008d71000 	/System/Library/PrivateFrameworks/CoreUI.framework/Versions/A/CoreUI
0x0000000008d71000 	/System/Library/Frameworks/CoreAudio.framework/Versions/A/CoreAudio
0x0000000008d71000 	/System/Library/Frameworks/DiskArbitration.framework/Versions/A/DiskArbitration
0x0000000008d71000 	/usr/lib/liblangid.dylib
0x0000000008d71000 	/System/Library/PrivateFrameworks/MultitouchSupport.framework/Versions/A/MultitouchSupport
0x0000000008d71000 	/System/Library/Frameworks/IOKit.framework/Versions/A/IOKit
0x0000000008d71000 	/usr/lib/libDiagnosticMessagesClient.dylib
0x0000000008d71000 	/System/Library/Frameworks/CoreServices.framework/Versions/A/CoreServices
0x0000000008d71000 	/System/Library/PrivateFrameworks/PerformanceAnalysis.framework/Versions/A/PerformanceAnalysis
0x0000000008d71000 	/System/Library/PrivateFrameworks/GenerationalStorage.framework/Versions/A/GenerationalStorage
0x0000000008d71000 	/System/Library/Frameworks/OpenGL.framework/Versions/A/OpenGL
0x0000000008d71000 	/System/Library/PrivateFrameworks/Sharing.framework/Versions/A/Sharing
0x0000000008d71000 	/System/Library/Frameworks/CoreGraphics.framework/Versions/A/CoreGraphics
0x0000000008d71000 	/System/Library/Frameworks/CoreImage.framework/Versions/A/CoreImage
0x0000000008d71000 	/System/Library/Frameworks/CoreText.framework/Versions/A/CoreText
0x0000000008d71000 	/System/Library/Frameworks/ImageIO.framework/Versions/A/ImageIO
0x0000000008d71000 	/System/Library/PrivateFrameworks/Backup.framework/Versions/A/Backup
0x0000000008d71000 	/usr/lib/libextension.dylib
0x0000000008d71000 	/usr/lib/libarchive.2.dylib
0x0000000008d71000 	/System/Library/Frameworks/CFNetwork.framework/Versions/A/CFNetwork
0x0000000008d71000 	/System/Library/Frameworks/SystemConfiguration.framework/Versions/A/SystemConfiguration
0x0000000008d71000 	/usr/lib/libCRFSuite.dylib
0x0000000008d71000 	/usr/lib/libc++.1.dylib
0x0000000008d71000 	/usr/lib/libc++abi.dylib
0x0000000008d71000 	/usr/lib/system/libcache.dylib
0x0000000008d71000 	/usr/lib/system/libcommonCrypto.dylib
0x0000000008d71000 	/usr/lib/system/libcompiler_rt.dylib
0x0000000008d71000 	/usr/lib/system/libcopyfile.dylib
0x0000000008d71000 	/usr/lib/system/libcorecrypto.dylib
0x0000000008d71000 	/usr/lib/system/libdispatch.dylib
0x0000000008d71000 	/usr/lib/system/libdyld.dylib
0x0000000008d71000 	/usr/lib/system/libkeymgr.dylib
0x0000000008d71000 	/usr/lib/system/liblaunch.dylib
0x0000000008d71000 	/usr/lib/system/libmacho.dylib
0x0000000008d71000 	/usr/lib/system/libquarantine.dylib
0x0000000008d71000 	/usr/lib/system/libremovefile.dylib
0x0000000008d71000 	/usr/lib/system/libsystem_asl.dylib
0x0000000008d71000 	/usr/lib/system/libsystem_blocks.dylib
0x0000000008d71000 	/usr/lib/system/libsystem_c.dylib
0x0000000008d71000 	/usr/lib/system/libsystem_configuration.dylib
0x0000000008d71000 	/usr/lib/system/libsystem_coreservices.dylib
0x0000000008d71000 	/usr/lib/system/libsystem_coretls.dylib
0x0000000008d71000 	/usr/lib/system/libsystem_dnssd.dylib
0x0000000008d71000 	/usr/lib/system/libsystem_info.dylib
0x0000000008d71000 	/usr/lib/system/libsystem_kernel.dylib
0x0000000008d71000 	/usr/lib/system/libsystem_m.dylib
0x0000000008d71000 	/usr/lib/system/libsystem_malloc.dylib
0x0000000008d71000 	/usr/lib/system/libsystem_network.dylib
0x0000000008d71000 	/usr/lib/system/libsystem_networkextension.dylib
0x0000000008d71000 	/usr/lib/system/libsystem_notify.dylib
0x0000000008d71000 	/usr/lib/system/libsystem_platform.dylib
0x0000000008d71000 	/usr/lib/system/libsystem_pthread.dylib
0x0000000008d71000 	/usr/lib/system/libsystem_sandbox.dylib
0x0000000008d71000 	/usr/lib/system/libsystem_secinit.dylib
0x0000000008d71000 	/usr/lib/system/libsystem_trace.dylib
0x0000000008d71000 	/usr/lib/system/libunc.dylib
0x0000000008d71000 	/usr/lib/system/libunwind.dylib
0x0000000008d71000 	/usr/lib/system/libxpc.dylib
0x0000000008d71000 	/usr/lib/libenergytrace.dylib
0x0000000008d71000 	/usr/lib/libbsm.0.dylib
0x0000000008d71000 	/usr/lib/system/libkxld.dylib
0x0000000008d71000 	/usr/lib/libxar.1.dylib
0x0000000008d71000 	/usr/lib/libsqlite3.dylib
0x0000000008d71000 	/usr/lib/libpam.2.dylib
0x0000000008d71000 	/usr/lib/libOpenScriptingUtil.dylib
0x0000000008d71000 	/usr/lib/libbz2.1.0.dylib
0x0000000008d71000 	/usr/lib/liblzma.5.dylib
0x0000000008d71000 	/System/Library/Frameworks/CoreServices.framework/Versions/A/Frameworks/FSEvents.framework/Versions/A/FSEvents
0x0000000008d71000 	/System/Library/Frameworks/CoreServices.framework/Versions/A/Frameworks/CarbonCore.framework/Versions/A/CarbonCore
0x0000000008d71000 	/System/Library/Frameworks/CoreServices.framework/Versions/A/Frameworks/Metadata.framework/Versions/A/Metadata
0x0000000008d71000 	/System/Library/Frameworks/CoreServices.framework/Versions/A/Frameworks/OSServices.framework/Versions/A/OSServices
0x0000000008d71000 	/System/Library/Frameworks/CoreServices.framework/Versions/A/Frameworks/SearchKit.framework/Versions/A/SearchKit
0x0000000008d71000 	/System/Library/Frameworks/CoreServices.framework/Versions/A/Frameworks/AE.framework/Versions/A/AE
0x0000000008d71000 	/System/Library/Frameworks/CoreServices.framework/Versions/A/Frameworks/LaunchServices.framework/Versions/A/LaunchServices
0x0000000008d71000 	/System/Library/Frameworks/CoreServices.framework/Versions/A/Frameworks/DictionaryServices.framework/Versions/A/DictionaryServices
0x0000000008d71000 	/System/Library/Frameworks/CoreServices.framework/Versions/A/Frameworks/SharedFileList.framework/Versions/A/SharedFileList
0x0000000008d71000 	/System/Library/Frameworks/NetFS.framework/Versions/A/NetFS
0x0000000008d71000 	/System/Library/PrivateFrameworks/NetAuth.framework/Versions/A/NetAuth
0x0000000008d71000 	/System/Library/PrivateFrameworks/login.framework/Versions/A/Frameworks/loginsupport.framework/Versions/A/loginsupport
0x0000000008d71000 	/System/Library/PrivateFrameworks/TCC.framework/Versions/A/TCC
0x0000000008d71000 	/usr/lib/libmecabra.dylib
0x0000000008d71000 	/System/Library/Frameworks/ApplicationServices.framework/Versions/A/Frameworks/ATS.framework/Versions/A/ATS
0x0000000008d71000 	/System/Library/Frameworks/ApplicationServices.framework/Versions/A/Frameworks/ColorSync.framework/Versions/A/ColorSync
0x0000000008d71000 	/System/Library/Frameworks/ApplicationServices.framework/Versions/A/Frameworks/HIServices.framework/Versions/A/HIServices
0x0000000008d71000 	/System/Library/Frameworks/ApplicationServices.framework/Versions/A/Frameworks/LangAnalysis.framework/Versions/A/LangAnalysis
0x0000000008d71000 	/System/Library/Frameworks/ApplicationServices.framework/Versions/A/Frameworks/PrintCore.framework/Versions/A/PrintCore
0x0000000008d71000 	/System/Library/Frameworks/ApplicationServices.framework/Versions/A/Frameworks/QD.framework/Versions/A/QD
0x0000000008d71000 	/System/Library/Frameworks/ApplicationServices.framework/Versions/A/Frameworks/SpeechSynthesis.framework/Versions/A/SpeechSynthesis
0x0000000008d71000 	/System/Library/Frameworks/Metal.framework/Versions/A/Metal
0x0000000008d71000 	/System/Library/Frameworks/Accelerate.framework/Versions/A/Frameworks/vImage.framework/Versions/A/vImage
0x0000000008d71000 	/System/Library/Frameworks/Accelerate.framework/Versions/A/Frameworks/vecLib.framework/Versions/A/vecLib
0x0000000008d71000 	/System/Library/Frameworks/Accelerate.framework/Versions/A/Frameworks/vecLib.framework/Versions/A/libvDSP.dylib
0x0000000008d71000 	/System/Library/Frameworks/Accelerate.framework/Versions/A/Frameworks/vecLib.framework/Versions/A/libvMisc.dylib
0x0000000008d71000 	/System/Library/Frameworks/Accelerate.framework/Versions/A/Frameworks/vecLib.framework/Versions/A/libLAPACK.dylib
0x0000000008d71000 	/System/Library/Frameworks/Accelerate.framework/Versions/A/Frameworks/vecLib.framework/Versions/A/libBLAS.dylib
0x0000000008d71000 	/System/Library/Frameworks/Accelerate.framework/Versions/A/Frameworks/vecLib.framework/Versions/A/libLinearAlgebra.dylib
0x0000000008d71000 	/System/Library/Frameworks/Accelerate.framework/Versions/A/Frameworks/vecLib.framework/Versions/A/libSparseBLAS.dylib
0x0000000008d71000 	/System/Library/PrivateFrameworks/GPUCompiler.framework/libmetal_timestamp.dylib
0x0000000008d71000 	/System/Library/Frameworks/OpenGL.framework/Versions/A/Libraries/libCoreFSCache.dylib
0x0000000008d71000 	/System/Library/PrivateFrameworks/IOAccelerator.framework/Versions/A/IOAccelerator
0x0000000008d71000 	/System/Library/Frameworks/ApplicationServices.framework/Versions/A/Frameworks/ATS.framework/Versions/A/Resources/libFontParser.dylib
0x0000000008d71000 	/System/Library/Frameworks/ApplicationServices.framework/Versions/A/Frameworks/ATS.framework/Versions/A/Resources/libFontRegistry.dylib
0x0000000008d71000 	/System/Library/PrivateFrameworks/AppleVPA.framework/Versions/A/AppleVPA
0x0000000008d71000 	/System/Library/PrivateFrameworks/AppleJPEG.framework/Versions/A/AppleJPEG
0x0000000008d71000 	/System/Library/Frameworks/ImageIO.framework/Versions/A/Resources/libJPEG.dylib
0x0000000008d71000 	/System/Library/Frameworks/ImageIO.framework/Versions/A/Resources/libTIFF.dylib
0x0000000008d71000 	/System/Library/Frameworks/ImageIO.framework/Versions/A/Resources/libPng.dylib
0x0000000008d71000 	/System/Library/Frameworks/ImageIO.framework/Versions/A/Resources/libGIF.dylib
0x0000000008d71000 	/System/Library/Frameworks/ImageIO.framework/Versions/A/Resources/libJP2.dylib
0x0000000008d71000 	/System/Library/Frameworks/ImageIO.framework/Versions/A/Resources/libRadiance.dylib
0x0000000008d71000 	/System/Library/Frameworks/CoreVideo.framework/Versions/A/CoreVideo
0x0000000008d71000 	/System/Library/Frameworks/OpenGL.framework/Versions/A/Libraries/libGLU.dylib
0x0000000008d71000 	/System/Library/Frameworks/OpenGL.framework/Versions/A/Libraries/libGFXShared.dylib
0x0000000008d71000 	/System/Library/Frameworks/OpenGL.framework/Versions/A/Libraries/libGL.dylib
0x0000000008d71000 	/System/Library/Frameworks/OpenGL.framework/Versions/A/Libraries/libGLImage.dylib
0x0000000008d71000 	/System/Library/Frameworks/OpenGL.framework/Versions/A/Libraries/libCVMSPluginSupport.dylib
0x0000000008d71000 	/System/Library/Frameworks/OpenGL.framework/Versions/A/Libraries/libCoreVMClient.dylib
0x0000000008d71000 	/usr/lib/libcups.2.dylib
0x0000000008d71000 	/System/Library/Frameworks/Kerberos.framework/Versions/A/Kerberos
0x0000000008d71000 	/System/Library/Frameworks/GSS.framework/Versions/A/GSS
0x0000000008d71000 	/usr/lib/libresolv.9.dylib
0x0000000008d71000 	/usr/lib/libiconv.2.dylib
0x0000000008d71000 	/System/Library/PrivateFrameworks/Heimdal.framework/Versions/A/Heimdal
0x0000000008d71000 	/usr/lib/libheimdal-asn1.dylib
0x0000000008d71000 	/System/Library/Frameworks/OpenDirectory.framework/Versions/A/OpenDirectory
0x0000000008d71000 	/System/Library/PrivateFrameworks/CommonAuth.framework/Versions/A/CommonAuth
0x0000000008d71000 	/System/Library/Frameworks/OpenDirectory.framework/Versions/A/Frameworks/CFOpenDirectory.framework/Versions/A/CFOpenDirectory
0x0000000008d71000 	/System/Library/Frameworks/SecurityFoundation.framework/Versions/A/SecurityFoundation
0x0000000008d71000 	/System/Library/PrivateFrameworks/LanguageModeling.framework/Versions/A/LanguageModeling
0x0000000008d71000 	/usr/lib/libmarisa.dylib
0x0000000008d71000 	/usr/lib/libChineseTokenizer.dylib
0x0000000008d71000 	/usr/lib/libcmph.dylib
0x0000000008d71000 	/usr/lib/libcompression.dylib
0x0000000008d71000 	/System/Library/Frameworks/ServiceManagement.framework/Versions/A/ServiceManagement
0x0000000008d71000 	/usr/lib/libxslt.1.dylib
0x0000000008d71000 	/System/Library/Frameworks/Carbon.framework/Versions/A/Frameworks/Ink.framework/Versions/A/Ink
0x0000000008d71000 	/usr/lib/libFosl_dynamic.dylib
0x0000000008d71000 	/System/Library/PrivateFrameworks/FaceCore.framework/Versions/A/FaceCore
0x0000000008d71000 	/System/Library/Frameworks/OpenCL.framework/Versions/A/OpenCL
0x0000000008d71000 	/System/Library/PrivateFrameworks/CrashReporterSupport.framework/Versions/A/CrashReporterSupport
0x0000000008d71000 	/System/Library/PrivateFrameworks/IconServices.framework/Versions/A/IconServices
0x0000000008d71000 	/System/Library/PrivateFrameworks/Apple80211.framework/Versions/A/Apple80211
0x0000000008d71000 	/System/Library/Frameworks/CoreWLAN.framework/Versions/A/CoreWLAN
0x0000000008d71000 	/System/Library/Frameworks/IOBluetooth.framework/Versions/A/IOBluetooth
0x0000000008d71000 	/System/Library/PrivateFrameworks/CoreWiFi.framework/Versions/A/CoreWiFi
0x0000000008d71000 	/System/Library/Frameworks/CoreBluetooth.framework/Versions/A/CoreBluetooth
0x0000000008d71000 	/System/Library/PrivateFrameworks/ChunkingLibrary.framework/Versions/A/ChunkingLibrary
0x0000000008d71000 	/System/Library/PrivateFrameworks/DebugSymbols.framework/Versions/A/DebugSymbols
0x0000000008d71000 	/System/Library/PrivateFrameworks/CoreSymbolication.framework/Versions/A/CoreSymbolication
0x0000000008d71000 	/System/Library/PrivateFrameworks/Symbolication.framework/Versions/A/Symbolication
0x0000000008d71000 	/System/Library/PrivateFrameworks/SpeechRecognitionCore.framework/Versions/A/SpeechRecognitionCore
0x0000000107000000 	/Library/Java/JavaVirtualMachines/jdk1.8.0_77.jdk/Contents/Home/jre/lib/server/libjvm.dylib
0x0000000008d71000 	/usr/lib/libstdc++.6.dylib
0x000000010669e000 	/Library/Java/JavaVirtualMachines/jdk1.8.0_77.jdk/Contents/Home/jre/lib/libverify.dylib
0x00000001066ac000 	/Library/Java/JavaVirtualMachines/jdk1.8.0_77.jdk/Contents/Home/jre/lib/libjava.dylib
0x00000001066eb000 	/Library/Java/JavaVirtualMachines/jdk1.8.0_77.jdk/Contents/Home/jre/lib/libzip.dylib
0x000000011d7f5000 	/System/Library/Frameworks/JavaVM.framework/Frameworks/JavaRuntimeSupport.framework/JavaRuntimeSupport
0x000000011d810000 	/System/Library/Frameworks/JavaVM.framework/Versions/A/Frameworks/JavaNativeFoundation.framework/Versions/A/JavaNativeFoundation
0x00000001067f1000 	/System/Library/Frameworks/JavaVM.framework/Versions/A/JavaVM
0x0000000008d71000 	/System/Library/Frameworks/Carbon.framework/Versions/A/Carbon
0x000000011d825000 	/System/Library/PrivateFrameworks/JavaLaunching.framework/Versions/A/JavaLaunching
0x0000000008d71000 	/System/Library/Frameworks/Carbon.framework/Versions/A/Frameworks/CommonPanels.framework/Versions/A/CommonPanels
0x0000000008d71000 	/System/Library/Frameworks/Carbon.framework/Versions/A/Frameworks/Help.framework/Versions/A/Help
0x0000000008d71000 	/System/Library/Frameworks/Carbon.framework/Versions/A/Frameworks/ImageCapture.framework/Versions/A/ImageCapture
0x0000000008d71000 	/System/Library/Frameworks/Carbon.framework/Versions/A/Frameworks/OpenScripting.framework/Versions/A/OpenScripting
0x0000000008d71000 	/System/Library/Frameworks/Carbon.framework/Versions/A/Frameworks/Print.framework/Versions/A/Print
0x0000000008d71000 	/System/Library/Frameworks/Carbon.framework/Versions/A/Frameworks/SecurityHI.framework/Versions/A/SecurityHI
0x000000011f159000 	/Library/Java/JavaVirtualMachines/jdk1.8.0_77.jdk/Contents/Home/jre/lib/libawt.dylib
0x000000011f201000 	/Library/Java/JavaVirtualMachines/jdk1.8.0_77.jdk/Contents/Home/jre/lib/./libmlib_image.dylib
0x000000011f2cd000 	/Library/Java/JavaVirtualMachines/jdk1.8.0_77.jdk/Contents/Home/jre/lib/libawt_lwawt.dylib
0x000000011f382000 	/Library/Java/JavaVirtualMachines/jdk1.8.0_77.jdk/Contents/Home/jre/lib/./libosxapp.dylib
0x0000000008d71000 	/System/Library/Frameworks/ExceptionHandling.framework/Versions/A/ExceptionHandling
0x0000000008d71000 	/System/Library/PrivateFrameworks/CoreServicesInternal.framework/Versions/A/CoreServicesInternal
0x0000000008d71000 	/System/Library/Frameworks/CoreGraphics.framework/Versions/A/Resources/libRIP.A.dylib
0x0000000008d71000 	/System/Library/Frameworks/Accelerate.framework/Versions/A/Frameworks/vImage.framework/Versions/A/Libraries/libCGInterfaces.dylib
0x0000000008d71000 	/System/Library/Frameworks/CoreGraphics.framework/Versions/A/Resources/libCGXType.A.dylib
0x0000000008d71000 	/System/Library/Frameworks/OpenCL.framework/Versions/A/Libraries/libcldcpuengine.dylib
0x0000000008d71000 	/System/Library/PrivateFrameworks/DiskImages.framework/Versions/A/DiskImages
0x0000000008d71000 	/System/Library/Frameworks/DiscRecording.framework/Versions/A/DiscRecording
0x0000000008d71000 	/usr/lib/libcsfde.dylib
0x0000000008d71000 	/usr/lib/libcurl.4.dylib
0x0000000008d71000 	/System/Library/PrivateFrameworks/MediaKit.framework/Versions/A/MediaKit
0x0000000008d71000 	/System/Library/PrivateFrameworks/ProtectedCloudStorage.framework/Versions/A/ProtectedCloudStorage
0x0000000008d71000 	/usr/lib/libCoreStorage.dylib
0x0000000008d71000 	/System/Library/PrivateFrameworks/EFILogin.framework/Versions/A/EFILogin
0x0000000008d71000 	/usr/lib/libutil.dylib
0x0000000008d71000 	/System/Library/PrivateFrameworks/FindMyDevice.framework/Versions/A/FindMyDevice
0x0000000008d71000 	/System/Library/Frameworks/LDAP.framework/Versions/A/LDAP
0x0000000008d71000 	/usr/lib/libsasl2.2.dylib
0x0000000008d71000 	/System/Library/PrivateFrameworks/CoreDaemon.framework/Versions/B/CoreDaemon
0x0000000008d71000 	/usr/lib/libcrypto.0.9.8.dylib
0x0000000008d71000 	/System/Library/PrivateFrameworks/AppleSRP.framework/Versions/A/AppleSRP
0x0000000008d71000 	/System/Library/PrivateFrameworks/TrustEvaluationAgent.framework/Versions/A/TrustEvaluationAgent
0x0000000121408000 	cl_kernels
0x0000000008d71000 	/System/Library/Frameworks/OpenCL.framework/Versions/A/Libraries/ImageFormats/unorm8_bgra.dylib
0x0000000008d71000 	/System/Library/Frameworks/OpenCL.framework/Versions/A/Libraries/ImageFormats/unorm8_rgba.dylib
0x0000000008d71000 	/System/Library/PrivateFrameworks/FamilyControls.framework/Versions/A/FamilyControls
0x0000000008d71000 	/System/Library/PrivateFrameworks/CommerceKit.framework/Versions/A/Frameworks/CommerceCore.framework/Versions/A/CommerceCore
0x0000000008d71000 	/System/Library/PrivateFrameworks/SystemAdministration.framework/Versions/A/SystemAdministration
0x0000000008d71000 	/System/Library/PrivateFrameworks/AppContainer.framework/Versions/A/AppContainer
0x0000000008d71000 	/System/Library/PrivateFrameworks/SecCodeWrapper.framework/Versions/A/SecCodeWrapper
0x0000000008d71000 	/System/Library/Frameworks/DirectoryService.framework/Versions/A/DirectoryService
0x0000000008d71000 	/System/Library/PrivateFrameworks/LoginUIKit.framework/Versions/A/Frameworks/LoginUICore.framework/Versions/A/LoginUICore
0x0000000008d71000 	/usr/lib/libodfde.dylib
0x0000000122580000 	/Library/Java/JavaVirtualMachines/jdk1.8.0_77.jdk/Contents/Home/jre/lib/libfontmanager.dylib
0x00000001225e7000 	/Users/dsiegler19/Documents/OpenGL Tutorials/LWJGL Game Engine/lib/natives/liblwjgl.jnilib
0x0000000120515000 	/Library/Java/JavaVirtualMachines/jdk1.8.0_77.jdk/Contents/Home/jre/lib/libjawt.dylib
0x0000000008d71000 	/System/Library/Frameworks/OpenGL.framework/Versions/A/Resources/GLEngine.bundle/GLEngine
0x0000000008d71000 	/System/Library/Frameworks/OpenGL.framework/Versions/A/Libraries/libGLProgrammability.dylib
0x0000000122666000 	/System/Library/Extensions/AppleIntelHD5000GraphicsGLDriver.bundle/Contents/MacOS/AppleIntelHD5000GraphicsGLDriver
0x0000000008d71000 	/System/Library/PrivateFrameworks/GPUSupport.framework/Versions/A/Libraries/libGPUSupportMercury.dylib
0x0000000008d71000 	/System/Library/Frameworks/OpenGL.framework/Versions/A/Resources/GLRendererFloat.bundle/GLRendererFloat

VM Arguments:
jvm_args: -Djava.library.path=/Users/dsiegler19/Documents/OpenGL Tutorials/LWJGL Game Engine/lib/natives -Dfile.encoding=UTF-8 
java_command: enginetester.MainGameLoop
java_class_path (initial): /Users/dsiegler19/Documents/OpenGL Tutorials/LWJGL Game Engine/bin:/Users/dsiegler19/Documents/OpenGL Tutorials/LWJGL Game Engine/lib/jars/lwjgl_util.jar:/Users/dsiegler19/Documents/OpenGL Tutorials/LWJGL Game Engine/lib/jars/lwjgl.jar:/Users/dsiegler19/Documents/OpenGL Tutorials/LWJGL Game Engine/lib/jars/slick-util.jar:/Users/dsiegler19/Documents/OpenGL Tutorials/LWJGL Game Engine/lib/jars/PNGDecoder.jar
Launcher Type: SUN_STANDARD

Environment Variables:
PATH=/usr/bin:/bin:/usr/sbin:/sbin
SHELL=/bin/bash
DISPLAY=/private/tmp/com.apple.launchd.8AQcC9G1IU/org.macosforge.xquartz:0

Signal Handlers:
SIGSEGV: [libjvm.dylib+0x5a6855], sa_mask[0]=11111111011111110111111111111111, sa_flags=SA_ONSTACK|SA_RESTART|SA_SIGINFO
SIGBUS: [libjvm.dylib+0x5a6855], sa_mask[0]=11111111011111110111111111111111, sa_flags=SA_RESTART|SA_SIGINFO
SIGFPE: [libjvm.dylib+0x4804ec], sa_mask[0]=11111111011111110111111111111111, sa_flags=SA_RESTART|SA_SIGINFO
SIGPIPE: [libjvm.dylib+0x4804ec], sa_mask[0]=11111111011111110111111111111111, sa_flags=SA_RESTART|SA_SIGINFO
SIGXFSZ: [libjvm.dylib+0x4804ec], sa_mask[0]=11111111011111110111111111111111, sa_flags=SA_RESTART|SA_SIGINFO
SIGILL: [libjvm.dylib+0x4804ec], sa_mask[0]=11111111011111110111111111111111, sa_flags=SA_RESTART|SA_SIGINFO
SIGUSR1: SIG_DFL, sa_mask[0]=00000000000000000000000000000000, sa_flags=none
SIGUSR2: [libjvm.dylib+0x48000a], sa_mask[0]=00100000000000000000000000000000, sa_flags=SA_RESTART|SA_SIGINFO
SIGHUP: [libjvm.dylib+0x47e5e1], sa_mask[0]=11111111011111110111111111111111, sa_flags=SA_RESTART|SA_SIGINFO
SIGINT: [libjvm.dylib+0x47e5e1], sa_mask[0]=11111111011111110111111111111111, sa_flags=SA_RESTART|SA_SIGINFO
SIGTERM: [libjvm.dylib+0x47e5e1], sa_mask[0]=11111111011111110111111111111111, sa_flags=SA_RESTART|SA_SIGINFO
SIGQUIT: [libjvm.dylib+0x47e5e1], sa_mask[0]=11111111011111110111111111111111, sa_flags=SA_RESTART|SA_SIGINFO


---------------  S Y S T E M  ---------------

OS:Bsduname:Darwin 15.4.0 Darwin Kernel Version 15.4.0: Fri Feb 26 22:08:05 PST 2016; root:xnu-3248.40.184~3/RELEASE_X86_64 x86_64
rlimit: STACK 8192k, CORE 0k, NPROC 709, NOFILE 10240, AS infinity
load average:3.98 3.34 3.15

CPU:total 4 (2 cores per cpu, 2 threads per core) family 6 model 69 stepping 1, cmov, cx8, fxsr, mmx, sse, sse2, sse3, ssse3, sse4.1, sse4.2, popcnt, avx, avx2, aes, clmul, erms, lzcnt, ht, tsc, tscinvbit, bmi1, bmi2

Memory: 4k page, physical 8388608k(438588k free)

/proc/meminfo:


vm_info: Java HotSpot(TM) 64-Bit Server VM (25.77-b03) for bsd-amd64 JRE (1.8.0_77-b03), built on Mar 20 2016 22:14:03 by "java_re" with gcc 4.2.1 (Based on Apple Inc. build 5658) (LLVM build 2336.11.00)

time: Sun Apr  2 11:45:55 2017
elapsed time: 18 seconds (0d 0h 0m 18s)

